98.02.12 16:51 A C:\egbert\DOE\matlab_new\UTIL\chngph.m <-- maxwell /home/maxwell/progs/EMTF/matlab_new/UTIL chngph.m
98.02.12 16:51 A C:\egbert\DOE\matlab_new\UTIL\err_log.m <-- maxwell /home/maxwell/progs/EMTF/matlab_new/UTIL err_log.m
98.02.12 16:51 A C:\egbert\DOE\matlab_new\UTIL\find_ib.m <-- maxwell /home/maxwell/progs/EMTF/matlab_new/UTIL find_ib.m
98.02.12 16:51 A C:\egbert\DOE\matlab_new\UTIL\get_mode.m <-- maxwell /home/maxwell/progs/EMTF/matlab_new/UTIL get_mode.m
98.02.12 16:51 A C:\egbert\DOE\matlab_new\UTIL\smooth.m <-- maxwell /home/maxwell/progs/EMTF/matlab_new/UTIL smooth.m
98.02.13 08:29 A C:\egbert\DOE\matlab_new\UTIL\chk_clr.m --> maxwell.oce.orst.edu /home/maxwell/progs/EMTF/matlab_new/UTIL chk_clr.m
98.02.13 08:29 A C:\egbert\DOE\matlab_new\UTIL\chngph.m --> maxwell.oce.orst.edu /home/maxwell/progs/EMTF/matlab_new/UTIL chngph.m
98.02.13 08:29 A C:\egbert\DOE\matlab_new\UTIL\ellipse.m --> maxwell.oce.orst.edu /home/maxwell/progs/EMTF/matlab_new/UTIL ellipse.m
98.02.13 08:29 A C:\egbert\DOE\matlab_new\UTIL\err_log.m --> maxwell.oce.orst.edu /home/maxwell/progs/EMTF/matlab_new/UTIL err_log.m
98.02.13 08:29 A C:\egbert\DOE\matlab_new\UTIL\fatlines.m --> maxwell.oce.orst.edu /home/maxwell/progs/EMTF/matlab_new/UTIL fatlines.m
98.02.13 08:29 A C:\egbert\DOE\matlab_new\UTIL\find_ib.m --> maxwell.oce.orst.edu /home/maxwell/progs/EMTF/matlab_new/UTIL find_ib.m
98.02.13 08:29 A C:\egbert\DOE\matlab_new\UTIL\get_mode.m --> maxwell.oce.orst.edu /home/maxwell/progs/EMTF/matlab_new/UTIL get_mode.m
98.02.13 08:29 A C:\egbert\DOE\matlab_new\UTIL\pltfrm.m --> maxwell.oce.orst.edu /home/maxwell/progs/EMTF/matlab_new/UTIL pltfrm.m
98.02.13 08:29 A C:\egbert\DOE\matlab_new\UTIL\pol_ell.m --> maxwell.oce.orst.edu /home/maxwell/progs/EMTF/matlab_new/UTIL pol_ell.m
98.02.13 08:29 A C:\egbert\DOE\matlab_new\UTIL\smooth.m --> maxwell.oce.orst.edu /home/maxwell/progs/EMTF/matlab_new/UTIL smooth.m
98.02.13 16:10 A C:\egbert\DOE\matlab_new\UTIL\WS_FTP.LOG <-- maxwell /home/maxwell/progs/EMTF/matlab_new/UTIL WS_FTP.LOG
98.02.17 09:12 A C:\egbert\DOE\matlab_new\UTIL\chk_clr.m --> maxwell.oce.orst.edu /home/maxwell/progs/EMTF/matlab_new/UTIL chk_clr.m
98.02.17 09:12 A C:\egbert\DOE\matlab_new\UTIL\chngph.m --> maxwell.oce.orst.edu /home/maxwell/progs/EMTF/matlab_new/UTIL chngph.m
98.02.17 09:12 A C:\egbert\DOE\matlab_new\UTIL\ellipse.m --> maxwell.oce.orst.edu /home/maxwell/progs/EMTF/matlab_new/UTIL ellipse.m
98.02.17 09:12 A C:\egbert\DOE\matlab_new\UTIL\err_log.m --> maxwell.oce.orst.edu /home/maxwell/progs/EMTF/matlab_new/UTIL err_log.m
98.02.17 09:12 A C:\egbert\DOE\matlab_new\UTIL\fatlines.m --> maxwell.oce.orst.edu /home/maxwell/progs/EMTF/matlab_new/UTIL fatlines.m
98.02.17 09:12 A C:\egbert\DOE\matlab_new\UTIL\find_ib.m --> maxwell.oce.orst.edu /home/maxwell/progs/EMTF/matlab_new/UTIL find_ib.m
98.02.17 09:12 A C:\egbert\DOE\matlab_new\UTIL\get_mode.m --> maxwell.oce.orst.edu /home/maxwell/progs/EMTF/matlab_new/UTIL get_mode.m
98.02.17 09:12 A C:\egbert\DOE\matlab_new\UTIL\pltfrm.m --> maxwell.oce.orst.edu /home/maxwell/progs/EMTF/matlab_new/UTIL pltfrm.m
98.02.17 09:12 A C:\egbert\DOE\matlab_new\UTIL\pol_ell.m --> maxwell.oce.orst.edu /home/maxwell/progs/EMTF/matlab_new/UTIL pol_ell.m
98.02.17 09:12 A C:\egbert\DOE\matlab_new\UTIL\smooth.m --> maxwell.oce.orst.edu /home/maxwell/progs/EMTF/matlab_new/UTIL smooth.m
98.02.17 09:12 A C:\egbert\DOE\matlab_new\UTIL\stmonitr.m --> maxwell.oce.orst.edu /home/maxwell/progs/EMTF/matlab_new/UTIL stmonitr.m
98.02.17 17:32 A C:\egbert\DOE\matlab_new\UTIL\WS_FTP.LOG <-- maxwell /home/maxwell/progs/EMTF/matlab_new/UTIL WS_FTP.LOG
98.02.18 08:58 A C:\egbert\DOE\matlab_new\UTIL\chk_clr.m --> maxwell.oce.orst.edu /home/maxwell/progs/EMTF/matlab_new/UTIL chk_clr.m
98.02.18 08:58 A C:\egbert\DOE\matlab_new\UTIL\chngph.m --> maxwell.oce.orst.edu /home/maxwell/progs/EMTF/matlab_new/UTIL chngph.m
98.02.18 08:58 A C:\egbert\DOE\matlab_new\UTIL\ellipse.m --> maxwell.oce.orst.edu /home/maxwell/progs/EMTF/matlab_new/UTIL ellipse.m
98.02.18 08:58 A C:\egbert\DOE\matlab_new\UTIL\err_log.m --> maxwell.oce.orst.edu /home/maxwell/progs/EMTF/matlab_new/UTIL err_log.m
98.02.18 08:58 A C:\egbert\DOE\matlab_new\UTIL\fatlines.m --> maxwell.oce.orst.edu /home/maxwell/progs/EMTF/matlab_new/UTIL fatlines.m
98.02.18 08:58 A C:\egbert\DOE\matlab_new\UTIL\find_ib.m --> maxwell.oce.orst.edu /home/maxwell/progs/EMTF/matlab_new/UTIL find_ib.m
98.02.18 08:58 A C:\egbert\DOE\matlab_new\UTIL\get_mode.m --> maxwell.oce.orst.edu /home/maxwell/progs/EMTF/matlab_new/UTIL get_mode.m
98.02.18 08:58 A C:\egbert\DOE\matlab_new\UTIL\pltfrm.m --> maxwell.oce.orst.edu /home/maxwell/progs/EMTF/matlab_new/UTIL pltfrm.m
98.02.18 08:58 A C:\egbert\DOE\matlab_new\UTIL\pol_ell.m --> maxwell.oce.orst.edu /home/maxwell/progs/EMTF/matlab_new/UTIL pol_ell.m
98.02.18 08:58 A C:\egbert\DOE\matlab_new\UTIL\smooth.m --> maxwell.oce.orst.edu /home/maxwell/progs/EMTF/matlab_new/UTIL smooth.m
98.02.18 08:58 A C:\egbert\DOE\matlab_new\UTIL\stmonitr.m --> maxwell.oce.orst.edu /home/maxwell/progs/EMTF/matlab_new/UTIL stmonitr.m
98.02.18 17:35 A C:\egbert\DOE\matlab_new\UTIL\WS_FTP.LOG <-- maxwell /home/maxwell/progs/EMTF/matlab_new/UTIL WS_FTP.LOG
98.02.20 12:32 A C:\egbert\DOE\matlab_new\UTIL\chk_clr.m --> maxwell.oce.orst.edu /home/maxwell/progs/EMTF/matlab_new/UTIL chk_clr.m
98.02.20 12:32 A C:\egbert\DOE\matlab_new\UTIL\chngph.m --> maxwell.oce.orst.edu /home/maxwell/progs/EMTF/matlab_new/UTIL chngph.m
98.02.20 12:32 A C:\egbert\DOE\matlab_new\UTIL\ellipse.m --> maxwell.oce.orst.edu /home/maxwell/progs/EMTF/matlab_new/UTIL ellipse.m
98.02.20 12:32 A C:\egbert\DOE\matlab_new\UTIL\err_log.m --> maxwell.oce.orst.edu /home/maxwell/progs/EMTF/matlab_new/UTIL err_log.m
98.02.20 12:32 A C:\egbert\DOE\matlab_new\UTIL\err_log.m~ --> maxwell.oce.orst.edu /home/maxwell/progs/EMTF/matlab_new/UTIL err_log.m~
98.02.20 12:32 A C:\egbert\DOE\matlab_new\UTIL\fatlines.m --> maxwell.oce.orst.edu /home/maxwell/progs/EMTF/matlab_new/UTIL fatlines.m
98.02.20 12:32 A C:\egbert\DOE\matlab_new\UTIL\find_ib.m --> maxwell.oce.orst.edu /home/maxwell/progs/EMTF/matlab_new/UTIL find_ib.m
98.02.20 12:32 A C:\egbert\DOE\matlab_new\UTIL\get_mode.m --> maxwell.oce.orst.edu /home/maxwell/progs/EMTF/matlab_new/UTIL get_mode.m
98.02.20 12:32 A C:\egbert\DOE\matlab_new\UTIL\pltfrm.m --> maxwell.oce.orst.edu /home/maxwell/progs/EMTF/matlab_new/UTIL pltfrm.m
98.02.20 12:32 A C:\egbert\DOE\matlab_new\UTIL\pol_ell.m --> maxwell.oce.orst.edu /home/maxwell/progs/EMTF/matlab_new/UTIL pol_ell.m
98.02.20 12:32 A C:\egbert\DOE\matlab_new\UTIL\smooth.m --> maxwell.oce.orst.edu /home/maxwell/progs/EMTF/matlab_new/UTIL smooth.m
98.02.20 12:32 A C:\egbert\DOE\matlab_new\UTIL\stmonitr.m --> maxwell.oce.orst.edu /home/maxwell/progs/EMTF/matlab_new/UTIL stmonitr.m
