98.02.12 16:50 A C:\egbert\DOE\matlab_new\SDM\can_coh.m <-- maxwell /home/maxwell/progs/EMTF/matlab_new/SDM can_coh.m
98.02.12 16:50 A C:\egbert\DOE\matlab_new\SDM\can_coh_quit.m <-- maxwell /home/maxwell/progs/EMTF/matlab_new/SDM can_coh_quit.m
98.02.12 16:50 A C:\egbert\DOE\matlab_new\SDM\ch_menu_set.m <-- maxwell /home/maxwell/progs/EMTF/matlab_new/SDM ch_menu_set.m
98.02.12 16:50 A C:\egbert\DOE\matlab_new\SDM\ch_pair_def.m <-- maxwell /home/maxwell/progs/EMTF/matlab_new/SDM ch_pair_def.m
98.02.12 16:50 A C:\egbert\DOE\matlab_new\SDM\ellipse.m <-- maxwell /home/maxwell/progs/EMTF/matlab_new/SDM ellipse.m
98.02.12 16:50 A C:\egbert\DOE\matlab_new\SDM\evec.m <-- maxwell /home/maxwell/progs/EMTF/matlab_new/SDM evec.m
98.02.12 16:50 A C:\egbert\DOE\matlab_new\SDM\evec_menu.m <-- maxwell /home/maxwell/progs/EMTF/matlab_new/SDM evec_menu.m
98.02.12 16:50 A C:\egbert\DOE\matlab_new\SDM\evec_plt.m <-- maxwell /home/maxwell/progs/EMTF/matlab_new/SDM evec_plt.m
98.02.12 16:50 A C:\egbert\DOE\matlab_new\SDM\evec_set.m <-- maxwell /home/maxwell/progs/EMTF/matlab_new/SDM evec_set.m
98.02.12 16:50 A C:\egbert\DOE\matlab_new\SDM\evplt_HE.m <-- maxwell /home/maxwell/progs/EMTF/matlab_new/SDM evplt_HE.m
98.02.12 16:50 A C:\egbert\DOE\matlab_new\SDM\find_ch.m <-- maxwell /home/maxwell/progs/EMTF/matlab_new/SDM find_ch.m
98.02.12 16:50 A C:\egbert\DOE\matlab_new\SDM\get_ib.m <-- maxwell /home/maxwell/progs/EMTF/matlab_new/SDM get_ib.m
98.02.12 16:50 A C:\egbert\DOE\matlab_new\SDM\ib_slide.m <-- maxwell /home/maxwell/progs/EMTF/matlab_new/SDM ib_slide.m
98.02.12 16:50 A C:\egbert\DOE\matlab_new\SDM\plt_eval.m <-- maxwell /home/maxwell/progs/EMTF/matlab_new/SDM plt_eval.m
98.02.12 16:50 A C:\egbert\DOE\matlab_new\SDM\plt_snr.m <-- maxwell /home/maxwell/progs/EMTF/matlab_new/SDM plt_snr.m
98.02.12 16:50 A C:\egbert\DOE\matlab_new\SDM\pol_ellipse.m <-- maxwell /home/maxwell/progs/EMTF/matlab_new/SDM pol_ellipse.m
98.02.12 16:50 A C:\egbert\DOE\matlab_new\SDM\quit_sdm.m <-- maxwell /home/maxwell/progs/EMTF/matlab_new/SDM quit_sdm.m
98.02.12 16:50 A C:\egbert\DOE\matlab_new\SDM\README <-- maxwell /home/maxwell/progs/EMTF/matlab_new/SDM README
98.02.12 16:50 A C:\egbert\DOE\matlab_new\SDM\sdm_plot.m <-- maxwell /home/maxwell/progs/EMTF/matlab_new/SDM sdm_plot.m
98.02.12 16:50 A C:\egbert\DOE\matlab_new\SDM\sdm_sub.m <-- maxwell /home/maxwell/progs/EMTF/matlab_new/SDM sdm_sub.m
98.02.12 16:50 A C:\egbert\DOE\matlab_new\SDM\sing_s.m <-- maxwell /home/maxwell/progs/EMTF/matlab_new/SDM sing_s.m
98.02.12 16:50 A C:\egbert\DOE\matlab_new\SDM\u_pair.m <-- maxwell /home/maxwell/progs/EMTF/matlab_new/SDM u_pair.m
98.02.13 08:29 A C:\egbert\DOE\matlab_new\SDM\can_coh.m --> maxwell.oce.orst.edu /home/maxwell/progs/EMTF/matlab_new/SDM can_coh.m
98.02.13 08:29 A C:\egbert\DOE\matlab_new\SDM\cc_quit.m --> maxwell.oce.orst.edu /home/maxwell/progs/EMTF/matlab_new/SDM cc_quit.m
98.02.13 08:29 A C:\egbert\DOE\matlab_new\SDM\ch_menu.m --> maxwell.oce.orst.edu /home/maxwell/progs/EMTF/matlab_new/SDM ch_menu.m
98.02.13 08:29 A C:\egbert\DOE\matlab_new\SDM\ch_pair.m --> maxwell.oce.orst.edu /home/maxwell/progs/EMTF/matlab_new/SDM ch_pair.m
98.02.13 08:29 A C:\egbert\DOE\matlab_new\SDM\evec.m --> maxwell.oce.orst.edu /home/maxwell/progs/EMTF/matlab_new/SDM evec.m
98.02.13 08:29 A C:\egbert\DOE\matlab_new\SDM\evec_plt.m --> maxwell.oce.orst.edu /home/maxwell/progs/EMTF/matlab_new/SDM evec_plt.m
98.02.13 08:29 A C:\egbert\DOE\matlab_new\SDM\evec_set.m --> maxwell.oce.orst.edu /home/maxwell/progs/EMTF/matlab_new/SDM evec_set.m
98.02.13 08:29 A C:\egbert\DOE\matlab_new\SDM\evecmenu.m --> maxwell.oce.orst.edu /home/maxwell/progs/EMTF/matlab_new/SDM evecmenu.m
98.02.13 08:29 A C:\egbert\DOE\matlab_new\SDM\evplt_HE.m --> maxwell.oce.orst.edu /home/maxwell/progs/EMTF/matlab_new/SDM evplt_HE.m
98.02.13 08:29 A C:\egbert\DOE\matlab_new\SDM\find_ch.m --> maxwell.oce.orst.edu /home/maxwell/progs/EMTF/matlab_new/SDM find_ch.m
98.02.13 08:29 A C:\egbert\DOE\matlab_new\SDM\get_ib.m --> maxwell.oce.orst.edu /home/maxwell/progs/EMTF/matlab_new/SDM get_ib.m
98.02.13 08:29 A C:\egbert\DOE\matlab_new\SDM\ib_slide.m --> maxwell.oce.orst.edu /home/maxwell/progs/EMTF/matlab_new/SDM ib_slide.m
98.02.13 08:29 A C:\egbert\DOE\matlab_new\SDM\plt_eval.m --> maxwell.oce.orst.edu /home/maxwell/progs/EMTF/matlab_new/SDM plt_eval.m
98.02.13 08:29 A C:\egbert\DOE\matlab_new\SDM\plt_snr.m --> maxwell.oce.orst.edu /home/maxwell/progs/EMTF/matlab_new/SDM plt_snr.m
98.02.13 08:29 A C:\egbert\DOE\matlab_new\SDM\quit_sdm.m --> maxwell.oce.orst.edu /home/maxwell/progs/EMTF/matlab_new/SDM quit_sdm.m
98.02.13 08:29 A C:\egbert\DOE\matlab_new\SDM\README --> maxwell.oce.orst.edu /home/maxwell/progs/EMTF/matlab_new/SDM README
98.02.13 08:29 A C:\egbert\DOE\matlab_new\SDM\sdm_plot.m --> maxwell.oce.orst.edu /home/maxwell/progs/EMTF/matlab_new/SDM sdm_plot.m
98.02.13 08:29 A C:\egbert\DOE\matlab_new\SDM\sdm_sub.m --> maxwell.oce.orst.edu /home/maxwell/progs/EMTF/matlab_new/SDM sdm_sub.m
98.02.13 08:29 A C:\egbert\DOE\matlab_new\SDM\sing_s.m --> maxwell.oce.orst.edu /home/maxwell/progs/EMTF/matlab_new/SDM sing_s.m
98.02.13 08:29 A C:\egbert\DOE\matlab_new\SDM\u_pair.m --> maxwell.oce.orst.edu /home/maxwell/progs/EMTF/matlab_new/SDM u_pair.m
98.02.13 16:10 A C:\egbert\DOE\matlab_new\SDM\WS_FTP.LOG <-- maxwell /home/maxwell/progs/EMTF/matlab_new/SDM WS_FTP.LOG
98.02.17 09:12 A C:\egbert\DOE\matlab_new\SDM\can_coh.m --> maxwell.oce.orst.edu /home/maxwell/progs/EMTF/matlab_new/SDM can_coh.m
98.02.17 09:12 A C:\egbert\DOE\matlab_new\SDM\cc_quit.m --> maxwell.oce.orst.edu /home/maxwell/progs/EMTF/matlab_new/SDM cc_quit.m
98.02.17 09:12 A C:\egbert\DOE\matlab_new\SDM\ch_menu.m --> maxwell.oce.orst.edu /home/maxwell/progs/EMTF/matlab_new/SDM ch_menu.m
98.02.17 09:12 A C:\egbert\DOE\matlab_new\SDM\ch_pair.m --> maxwell.oce.orst.edu /home/maxwell/progs/EMTF/matlab_new/SDM ch_pair.m
98.02.17 09:12 A C:\egbert\DOE\matlab_new\SDM\evec.m --> maxwell.oce.orst.edu /home/maxwell/progs/EMTF/matlab_new/SDM evec.m
98.02.17 09:12 A C:\egbert\DOE\matlab_new\SDM\evec_plt.m --> maxwell.oce.orst.edu /home/maxwell/progs/EMTF/matlab_new/SDM evec_plt.m
98.02.17 09:12 A C:\egbert\DOE\matlab_new\SDM\evec_set.m --> maxwell.oce.orst.edu /home/maxwell/progs/EMTF/matlab_new/SDM evec_set.m
98.02.17 09:12 A C:\egbert\DOE\matlab_new\SDM\evecmenu.m --> maxwell.oce.orst.edu /home/maxwell/progs/EMTF/matlab_new/SDM evecmenu.m
98.02.17 09:12 A C:\egbert\DOE\matlab_new\SDM\evplt_HE.m --> maxwell.oce.orst.edu /home/maxwell/progs/EMTF/matlab_new/SDM evplt_HE.m
98.02.17 09:12 A C:\egbert\DOE\matlab_new\SDM\find_ch.m --> maxwell.oce.orst.edu /home/maxwell/progs/EMTF/matlab_new/SDM find_ch.m
98.02.17 09:12 A C:\egbert\DOE\matlab_new\SDM\get_ib.m --> maxwell.oce.orst.edu /home/maxwell/progs/EMTF/matlab_new/SDM get_ib.m
98.02.17 09:12 A C:\egbert\DOE\matlab_new\SDM\ib_slide.m --> maxwell.oce.orst.edu /home/maxwell/progs/EMTF/matlab_new/SDM ib_slide.m
98.02.17 09:12 A C:\egbert\DOE\matlab_new\SDM\plt_eval.m --> maxwell.oce.orst.edu /home/maxwell/progs/EMTF/matlab_new/SDM plt_eval.m
98.02.17 09:12 A C:\egbert\DOE\matlab_new\SDM\plt_sig.m --> maxwell.oce.orst.edu /home/maxwell/progs/EMTF/matlab_new/SDM plt_sig.m
98.02.17 09:12 A C:\egbert\DOE\matlab_new\SDM\plt_snr.m --> maxwell.oce.orst.edu /home/maxwell/progs/EMTF/matlab_new/SDM plt_snr.m
98.02.17 09:12 A C:\egbert\DOE\matlab_new\SDM\quit_sdm.m --> maxwell.oce.orst.edu /home/maxwell/progs/EMTF/matlab_new/SDM quit_sdm.m
98.02.17 09:12 A C:\egbert\DOE\matlab_new\SDM\README --> maxwell.oce.orst.edu /home/maxwell/progs/EMTF/matlab_new/SDM README
98.02.17 09:12 A C:\egbert\DOE\matlab_new\SDM\sdm_plot.m --> maxwell.oce.orst.edu /home/maxwell/progs/EMTF/matlab_new/SDM sdm_plot.m
98.02.17 09:12 A C:\egbert\DOE\matlab_new\SDM\sdm_sub.m --> maxwell.oce.orst.edu /home/maxwell/progs/EMTF/matlab_new/SDM sdm_sub.m
98.02.17 09:12 A C:\egbert\DOE\matlab_new\SDM\sing_s.m --> maxwell.oce.orst.edu /home/maxwell/progs/EMTF/matlab_new/SDM sing_s.m
98.02.17 09:12 A C:\egbert\DOE\matlab_new\SDM\u_pair.m --> maxwell.oce.orst.edu /home/maxwell/progs/EMTF/matlab_new/SDM u_pair.m
98.02.17 17:32 A C:\egbert\DOE\matlab_new\SDM\WS_FTP.LOG <-- maxwell /home/maxwell/progs/EMTF/matlab_new/SDM WS_FTP.LOG
98.02.18 08:57 A C:\egbert\DOE\matlab_new\SDM\can_coh.m --> maxwell.oce.orst.edu /home/maxwell/progs/EMTF/matlab_new/SDM can_coh.m
98.02.18 08:57 A C:\egbert\DOE\matlab_new\SDM\cc_quit.m --> maxwell.oce.orst.edu /home/maxwell/progs/EMTF/matlab_new/SDM cc_quit.m
98.02.18 08:57 A C:\egbert\DOE\matlab_new\SDM\ch_menu.m --> maxwell.oce.orst.edu /home/maxwell/progs/EMTF/matlab_new/SDM ch_menu.m
98.02.18 08:57 A C:\egbert\DOE\matlab_new\SDM\ch_pair.m --> maxwell.oce.orst.edu /home/maxwell/progs/EMTF/matlab_new/SDM ch_pair.m
98.02.18 08:57 A C:\egbert\DOE\matlab_new\SDM\evec.m --> maxwell.oce.orst.edu /home/maxwell/progs/EMTF/matlab_new/SDM evec.m
98.02.18 08:57 A C:\egbert\DOE\matlab_new\SDM\evec_plt.m --> maxwell.oce.orst.edu /home/maxwell/progs/EMTF/matlab_new/SDM evec_plt.m
98.02.18 08:57 A C:\egbert\DOE\matlab_new\SDM\evec_set.m --> maxwell.oce.orst.edu /home/maxwell/progs/EMTF/matlab_new/SDM evec_set.m
98.02.18 08:57 A C:\egbert\DOE\matlab_new\SDM\evecmenu.m --> maxwell.oce.orst.edu /home/maxwell/progs/EMTF/matlab_new/SDM evecmenu.m
98.02.18 08:58 A C:\egbert\DOE\matlab_new\SDM\evplt_HE.m --> maxwell.oce.orst.edu /home/maxwell/progs/EMTF/matlab_new/SDM evplt_HE.m
98.02.18 08:58 A C:\egbert\DOE\matlab_new\SDM\find_ch.m --> maxwell.oce.orst.edu /home/maxwell/progs/EMTF/matlab_new/SDM find_ch.m
98.02.18 08:58 A C:\egbert\DOE\matlab_new\SDM\get_ib.m --> maxwell.oce.orst.edu /home/maxwell/progs/EMTF/matlab_new/SDM get_ib.m
98.02.18 08:58 A C:\egbert\DOE\matlab_new\SDM\ib_slide.m --> maxwell.oce.orst.edu /home/maxwell/progs/EMTF/matlab_new/SDM ib_slide.m
98.02.18 08:58 A C:\egbert\DOE\matlab_new\SDM\plt_eval.m --> maxwell.oce.orst.edu /home/maxwell/progs/EMTF/matlab_new/SDM plt_eval.m
98.02.18 08:58 A C:\egbert\DOE\matlab_new\SDM\plt_sig.m --> maxwell.oce.orst.edu /home/maxwell/progs/EMTF/matlab_new/SDM plt_sig.m
98.02.18 08:58 A C:\egbert\DOE\matlab_new\SDM\plt_snr.m --> maxwell.oce.orst.edu /home/maxwell/progs/EMTF/matlab_new/SDM plt_snr.m
98.02.18 08:58 A C:\egbert\DOE\matlab_new\SDM\quit_sdm.m --> maxwell.oce.orst.edu /home/maxwell/progs/EMTF/matlab_new/SDM quit_sdm.m
98.02.18 08:58 A C:\egbert\DOE\matlab_new\SDM\README --> maxwell.oce.orst.edu /home/maxwell/progs/EMTF/matlab_new/SDM README
98.02.18 08:58 A C:\egbert\DOE\matlab_new\SDM\sdm_plot.m --> maxwell.oce.orst.edu /home/maxwell/progs/EMTF/matlab_new/SDM sdm_plot.m
98.02.18 08:58 A C:\egbert\DOE\matlab_new\SDM\sdm_sub.m --> maxwell.oce.orst.edu /home/maxwell/progs/EMTF/matlab_new/SDM sdm_sub.m
98.02.18 08:58 A C:\egbert\DOE\matlab_new\SDM\sing_s.m --> maxwell.oce.orst.edu /home/maxwell/progs/EMTF/matlab_new/SDM sing_s.m
98.02.18 08:58 A C:\egbert\DOE\matlab_new\SDM\u_pair.m --> maxwell.oce.orst.edu /home/maxwell/progs/EMTF/matlab_new/SDM u_pair.m
98.02.18 17:35 A C:\egbert\DOE\matlab_new\SDM\WS_FTP.LOG <-- maxwell /home/maxwell/progs/EMTF/matlab_new/SDM WS_FTP.LOG
98.02.20 12:32 A C:\egbert\DOE\matlab_new\SDM\can_coh.m --> maxwell.oce.orst.edu /home/maxwell/progs/EMTF/matlab_new/SDM can_coh.m
98.02.20 12:32 A C:\egbert\DOE\matlab_new\SDM\cc_quit.m --> maxwell.oce.orst.edu /home/maxwell/progs/EMTF/matlab_new/SDM cc_quit.m
98.02.20 12:32 A C:\egbert\DOE\matlab_new\SDM\ch_menu.m --> maxwell.oce.orst.edu /home/maxwell/progs/EMTF/matlab_new/SDM ch_menu.m
98.02.20 12:32 A C:\egbert\DOE\matlab_new\SDM\ch_pair.m --> maxwell.oce.orst.edu /home/maxwell/progs/EMTF/matlab_new/SDM ch_pair.m
98.02.20 12:32 A C:\egbert\DOE\matlab_new\SDM\evec.m --> maxwell.oce.orst.edu /home/maxwell/progs/EMTF/matlab_new/SDM evec.m
98.02.20 12:32 A C:\egbert\DOE\matlab_new\SDM\evec_plt.m --> maxwell.oce.orst.edu /home/maxwell/progs/EMTF/matlab_new/SDM evec_plt.m
98.02.20 12:32 A C:\egbert\DOE\matlab_new\SDM\evec_set.m --> maxwell.oce.orst.edu /home/maxwell/progs/EMTF/matlab_new/SDM evec_set.m
98.02.20 12:32 A C:\egbert\DOE\matlab_new\SDM\evecmenu.m --> maxwell.oce.orst.edu /home/maxwell/progs/EMTF/matlab_new/SDM evecmenu.m
98.02.20 12:32 A C:\egbert\DOE\matlab_new\SDM\evplt_HE.m --> maxwell.oce.orst.edu /home/maxwell/progs/EMTF/matlab_new/SDM evplt_HE.m
98.02.20 12:32 A C:\egbert\DOE\matlab_new\SDM\find_ch.m --> maxwell.oce.orst.edu /home/maxwell/progs/EMTF/matlab_new/SDM find_ch.m
98.02.20 12:32 A C:\egbert\DOE\matlab_new\SDM\get_ib.m --> maxwell.oce.orst.edu /home/maxwell/progs/EMTF/matlab_new/SDM get_ib.m
98.02.20 12:32 A C:\egbert\DOE\matlab_new\SDM\ib_slide.m --> maxwell.oce.orst.edu /home/maxwell/progs/EMTF/matlab_new/SDM ib_slide.m
98.02.20 12:32 A C:\egbert\DOE\matlab_new\SDM\plt_eval.m --> maxwell.oce.orst.edu /home/maxwell/progs/EMTF/matlab_new/SDM plt_eval.m
98.02.20 12:32 A C:\egbert\DOE\matlab_new\SDM\plt_sig.m --> maxwell.oce.orst.edu /home/maxwell/progs/EMTF/matlab_new/SDM plt_sig.m
98.02.20 12:32 A C:\egbert\DOE\matlab_new\SDM\plt_snr.m --> maxwell.oce.orst.edu /home/maxwell/progs/EMTF/matlab_new/SDM plt_snr.m
98.02.20 12:32 A C:\egbert\DOE\matlab_new\SDM\quit_sdm.m --> maxwell.oce.orst.edu /home/maxwell/progs/EMTF/matlab_new/SDM quit_sdm.m
98.02.20 12:32 A C:\egbert\DOE\matlab_new\SDM\README --> maxwell.oce.orst.edu /home/maxwell/progs/EMTF/matlab_new/SDM README
98.02.20 12:32 A C:\egbert\DOE\matlab_new\SDM\sdm_plot.m --> maxwell.oce.orst.edu /home/maxwell/progs/EMTF/matlab_new/SDM sdm_plot.m
98.02.20 12:32 A C:\egbert\DOE\matlab_new\SDM\sdm_sub.m --> maxwell.oce.orst.edu /home/maxwell/progs/EMTF/matlab_new/SDM sdm_sub.m
98.02.20 12:32 A C:\egbert\DOE\matlab_new\SDM\sing_s.m --> maxwell.oce.orst.edu /home/maxwell/progs/EMTF/matlab_new/SDM sing_s.m
98.02.20 12:32 A C:\egbert\DOE\matlab_new\SDM\u_pair.m --> maxwell.oce.orst.edu /home/maxwell/progs/EMTF/matlab_new/SDM u_pair.m
