98.02.12 16:51 A C:\egbert\DOE\matlab_new\ZPLT\addband.m <-- maxwell /home/maxwell/progs/EMTF/matlab_new/ZPLT addband.m
98.02.12 16:51 A C:\egbert\DOE\matlab_new\ZPLT\ap_res.m <-- maxwell /home/maxwell/progs/EMTF/matlab_new/ZPLT ap_res.m
98.02.12 16:51 A C:\egbert\DOE\matlab_new\ZPLT\apresplt.m <-- maxwell /home/maxwell/progs/EMTF/matlab_new/ZPLT apresplt.m
98.02.12 16:51 A C:\egbert\DOE\matlab_new\ZPLT\ecomp.m <-- maxwell /home/maxwell/progs/EMTF/matlab_new/ZPLT ecomp.m
98.02.12 16:51 A C:\egbert\DOE\matlab_new\ZPLT\em_menu.m <-- maxwell /home/maxwell/progs/EMTF/matlab_new/ZPLT em_menu.m
98.02.12 16:51 A C:\egbert\DOE\matlab_new\ZPLT\globinc.m <-- maxwell /home/maxwell/progs/EMTF/matlab_new/ZPLT globinc.m
98.02.12 16:51 A C:\egbert\DOE\matlab_new\ZPLT\imp_ap.m <-- maxwell /home/maxwell/progs/EMTF/matlab_new/ZPLT imp_ap.m
98.02.12 16:51 A C:\egbert\DOE\matlab_new\ZPLT\mkpltind.m <-- maxwell /home/maxwell/progs/EMTF/matlab_new/ZPLT mkpltind.m
98.02.12 16:51 A C:\egbert\DOE\matlab_new\ZPLT\mt_menu.m <-- maxwell /home/maxwell/progs/EMTF/matlab_new/ZPLT mt_menu.m
98.02.12 16:51 A C:\egbert\DOE\matlab_new\ZPLT\pltrhom.m <-- maxwell /home/maxwell/progs/EMTF/matlab_new/ZPLT pltrhom.m
98.02.12 16:51 A C:\egbert\DOE\matlab_new\ZPLT\rot_z.m <-- maxwell /home/maxwell/progs/EMTF/matlab_new/ZPLT rot_z.m
98.02.12 16:51 A C:\egbert\DOE\matlab_new\ZPLT\rpltem.m <-- maxwell /home/maxwell/progs/EMTF/matlab_new/ZPLT rpltem.m
98.02.12 16:51 A C:\egbert\DOE\matlab_new\ZPLT\rpltmt.m <-- maxwell /home/maxwell/progs/EMTF/matlab_new/ZPLT rpltmt.m
98.02.12 16:51 A C:\egbert\DOE\matlab_new\ZPLT\set_fig.m <-- maxwell /home/maxwell/progs/EMTF/matlab_new/ZPLT set_fig.m
98.02.12 16:51 A C:\egbert\DOE\matlab_new\ZPLT\set_lims.m <-- maxwell /home/maxwell/progs/EMTF/matlab_new/ZPLT set_lims.m
98.02.12 16:51 A C:\egbert\DOE\matlab_new\ZPLT\xform.m <-- maxwell /home/maxwell/progs/EMTF/matlab_new/ZPLT xform.m
98.02.12 16:51 A C:\egbert\DOE\matlab_new\ZPLT\z_mtem.m <-- maxwell /home/maxwell/progs/EMTF/matlab_new/ZPLT z_mtem.m
98.02.12 16:51 A C:\egbert\DOE\matlab_new\ZPLT\z_to_imp.m <-- maxwell /home/maxwell/progs/EMTF/matlab_new/ZPLT z_to_imp.m
98.02.13 08:29 A C:\egbert\DOE\matlab_new\ZPLT\addband.m --> maxwell.oce.orst.edu /home/maxwell/progs/EMTF/matlab_new/ZPLT addband.m
98.02.13 08:29 A C:\egbert\DOE\matlab_new\ZPLT\ap_res.m --> maxwell.oce.orst.edu /home/maxwell/progs/EMTF/matlab_new/ZPLT ap_res.m
98.02.13 08:29 A C:\egbert\DOE\matlab_new\ZPLT\apresplt.m --> maxwell.oce.orst.edu /home/maxwell/progs/EMTF/matlab_new/ZPLT apresplt.m
98.02.13 08:29 A C:\egbert\DOE\matlab_new\ZPLT\ecomp.m --> maxwell.oce.orst.edu /home/maxwell/progs/EMTF/matlab_new/ZPLT ecomp.m
98.02.13 08:29 A C:\egbert\DOE\matlab_new\ZPLT\em_menu.m --> maxwell.oce.orst.edu /home/maxwell/progs/EMTF/matlab_new/ZPLT em_menu.m
98.02.13 08:29 A C:\egbert\DOE\matlab_new\ZPLT\globinc.m --> maxwell.oce.orst.edu /home/maxwell/progs/EMTF/matlab_new/ZPLT globinc.m
98.02.13 08:29 A C:\egbert\DOE\matlab_new\ZPLT\imp_ap.m --> maxwell.oce.orst.edu /home/maxwell/progs/EMTF/matlab_new/ZPLT imp_ap.m
98.02.13 08:29 A C:\egbert\DOE\matlab_new\ZPLT\mkpltind.m --> maxwell.oce.orst.edu /home/maxwell/progs/EMTF/matlab_new/ZPLT mkpltind.m
98.02.13 08:29 A C:\egbert\DOE\matlab_new\ZPLT\mt_menu.m --> maxwell.oce.orst.edu /home/maxwell/progs/EMTF/matlab_new/ZPLT mt_menu.m
98.02.13 08:29 A C:\egbert\DOE\matlab_new\ZPLT\pltrhom.m --> maxwell.oce.orst.edu /home/maxwell/progs/EMTF/matlab_new/ZPLT pltrhom.m
98.02.13 08:29 A C:\egbert\DOE\matlab_new\ZPLT\rot_z.m --> maxwell.oce.orst.edu /home/maxwell/progs/EMTF/matlab_new/ZPLT rot_z.m
98.02.13 08:29 A C:\egbert\DOE\matlab_new\ZPLT\rpltem.m --> maxwell.oce.orst.edu /home/maxwell/progs/EMTF/matlab_new/ZPLT rpltem.m
98.02.13 08:29 A C:\egbert\DOE\matlab_new\ZPLT\rpltmt.m --> maxwell.oce.orst.edu /home/maxwell/progs/EMTF/matlab_new/ZPLT rpltmt.m
98.02.13 08:29 A C:\egbert\DOE\matlab_new\ZPLT\set_fig.m --> maxwell.oce.orst.edu /home/maxwell/progs/EMTF/matlab_new/ZPLT set_fig.m
98.02.13 08:29 A C:\egbert\DOE\matlab_new\ZPLT\set_lims.m --> maxwell.oce.orst.edu /home/maxwell/progs/EMTF/matlab_new/ZPLT set_lims.m
98.02.13 16:10 A C:\egbert\DOE\matlab_new\ZPLT\WS_FTP.LOG <-- maxwell /home/maxwell/progs/EMTF/matlab_new/ZPLT WS_FTP.LOG
98.02.13 16:10 A C:\egbert\DOE\matlab_new\ZPLT\xform.m <-- maxwell /home/maxwell/progs/EMTF/matlab_new/ZPLT xform.m
98.02.13 16:10 A C:\egbert\DOE\matlab_new\ZPLT\z_mtem.m <-- maxwell /home/maxwell/progs/EMTF/matlab_new/ZPLT z_mtem.m
98.02.13 16:10 A C:\egbert\DOE\matlab_new\ZPLT\z_to_imp.m <-- maxwell /home/maxwell/progs/EMTF/matlab_new/ZPLT z_to_imp.m
98.02.17 09:12 A C:\egbert\DOE\matlab_new\ZPLT\addband.m --> maxwell.oce.orst.edu /home/maxwell/progs/EMTF/matlab_new/ZPLT addband.m
98.02.17 09:12 A C:\egbert\DOE\matlab_new\ZPLT\ap_res.m --> maxwell.oce.orst.edu /home/maxwell/progs/EMTF/matlab_new/ZPLT ap_res.m
98.02.17 09:12 A C:\egbert\DOE\matlab_new\ZPLT\apresplt.m --> maxwell.oce.orst.edu /home/maxwell/progs/EMTF/matlab_new/ZPLT apresplt.m
98.02.17 09:12 A C:\egbert\DOE\matlab_new\ZPLT\ecomp.m --> maxwell.oce.orst.edu /home/maxwell/progs/EMTF/matlab_new/ZPLT ecomp.m
98.02.17 09:12 A C:\egbert\DOE\matlab_new\ZPLT\em_menu.m --> maxwell.oce.orst.edu /home/maxwell/progs/EMTF/matlab_new/ZPLT em_menu.m
98.02.17 09:12 A C:\egbert\DOE\matlab_new\ZPLT\globinc.m --> maxwell.oce.orst.edu /home/maxwell/progs/EMTF/matlab_new/ZPLT globinc.m
98.02.17 09:12 A C:\egbert\DOE\matlab_new\ZPLT\imp_ap.m --> maxwell.oce.orst.edu /home/maxwell/progs/EMTF/matlab_new/ZPLT imp_ap.m
98.02.17 09:12 A C:\egbert\DOE\matlab_new\ZPLT\mkpltind.m --> maxwell.oce.orst.edu /home/maxwell/progs/EMTF/matlab_new/ZPLT mkpltind.m
98.02.17 09:12 A C:\egbert\DOE\matlab_new\ZPLT\mt_menu.m --> maxwell.oce.orst.edu /home/maxwell/progs/EMTF/matlab_new/ZPLT mt_menu.m
98.02.17 09:12 A C:\egbert\DOE\matlab_new\ZPLT\pltrhom.m --> maxwell.oce.orst.edu /home/maxwell/progs/EMTF/matlab_new/ZPLT pltrhom.m
98.02.17 09:12 A C:\egbert\DOE\matlab_new\ZPLT\rot_z.m --> maxwell.oce.orst.edu /home/maxwell/progs/EMTF/matlab_new/ZPLT rot_z.m
98.02.17 09:12 A C:\egbert\DOE\matlab_new\ZPLT\rpltem.m --> maxwell.oce.orst.edu /home/maxwell/progs/EMTF/matlab_new/ZPLT rpltem.m
98.02.17 09:12 A C:\egbert\DOE\matlab_new\ZPLT\rpltmt.m --> maxwell.oce.orst.edu /home/maxwell/progs/EMTF/matlab_new/ZPLT rpltmt.m
98.02.17 09:12 A C:\egbert\DOE\matlab_new\ZPLT\set_fig.m --> maxwell.oce.orst.edu /home/maxwell/progs/EMTF/matlab_new/ZPLT set_fig.m
98.02.17 09:12 A C:\egbert\DOE\matlab_new\ZPLT\set_lims.m --> maxwell.oce.orst.edu /home/maxwell/progs/EMTF/matlab_new/ZPLT set_lims.m
98.02.17 17:32 A C:\egbert\DOE\matlab_new\ZPLT\WS_FTP.LOG <-- maxwell /home/maxwell/progs/EMTF/matlab_new/ZPLT WS_FTP.LOG
98.02.17 17:32 A C:\egbert\DOE\matlab_new\ZPLT\xform.m <-- maxwell /home/maxwell/progs/EMTF/matlab_new/ZPLT xform.m
98.02.17 17:32 A C:\egbert\DOE\matlab_new\ZPLT\z_mtem.m <-- maxwell /home/maxwell/progs/EMTF/matlab_new/ZPLT z_mtem.m
98.02.17 17:32 A C:\egbert\DOE\matlab_new\ZPLT\z_to_imp.m <-- maxwell /home/maxwell/progs/EMTF/matlab_new/ZPLT z_to_imp.m
98.02.18 08:58 A C:\egbert\DOE\matlab_new\ZPLT\addband.m --> maxwell.oce.orst.edu /home/maxwell/progs/EMTF/matlab_new/ZPLT addband.m
98.02.18 08:58 A C:\egbert\DOE\matlab_new\ZPLT\ap_res.m --> maxwell.oce.orst.edu /home/maxwell/progs/EMTF/matlab_new/ZPLT ap_res.m
98.02.18 08:58 A C:\egbert\DOE\matlab_new\ZPLT\apresplt.m --> maxwell.oce.orst.edu /home/maxwell/progs/EMTF/matlab_new/ZPLT apresplt.m
98.02.18 08:58 A C:\egbert\DOE\matlab_new\ZPLT\ecomp.m --> maxwell.oce.orst.edu /home/maxwell/progs/EMTF/matlab_new/ZPLT ecomp.m
98.02.18 08:58 A C:\egbert\DOE\matlab_new\ZPLT\em_menu.m --> maxwell.oce.orst.edu /home/maxwell/progs/EMTF/matlab_new/ZPLT em_menu.m
98.02.18 08:58 A C:\egbert\DOE\matlab_new\ZPLT\globinc.m --> maxwell.oce.orst.edu /home/maxwell/progs/EMTF/matlab_new/ZPLT globinc.m
98.02.18 08:58 A C:\egbert\DOE\matlab_new\ZPLT\imp_ap.m --> maxwell.oce.orst.edu /home/maxwell/progs/EMTF/matlab_new/ZPLT imp_ap.m
98.02.18 08:58 A C:\egbert\DOE\matlab_new\ZPLT\mkpltind.m --> maxwell.oce.orst.edu /home/maxwell/progs/EMTF/matlab_new/ZPLT mkpltind.m
98.02.18 08:58 A C:\egbert\DOE\matlab_new\ZPLT\mt_menu.m --> maxwell.oce.orst.edu /home/maxwell/progs/EMTF/matlab_new/ZPLT mt_menu.m
98.02.18 08:58 A C:\egbert\DOE\matlab_new\ZPLT\pltrhom.m --> maxwell.oce.orst.edu /home/maxwell/progs/EMTF/matlab_new/ZPLT pltrhom.m
98.02.18 08:58 A C:\egbert\DOE\matlab_new\ZPLT\rot_z.m --> maxwell.oce.orst.edu /home/maxwell/progs/EMTF/matlab_new/ZPLT rot_z.m
98.02.18 08:58 A C:\egbert\DOE\matlab_new\ZPLT\rpltem.m --> maxwell.oce.orst.edu /home/maxwell/progs/EMTF/matlab_new/ZPLT rpltem.m
98.02.18 08:58 A C:\egbert\DOE\matlab_new\ZPLT\rpltmt.m --> maxwell.oce.orst.edu /home/maxwell/progs/EMTF/matlab_new/ZPLT rpltmt.m
98.02.18 08:58 A C:\egbert\DOE\matlab_new\ZPLT\set_fig.m --> maxwell.oce.orst.edu /home/maxwell/progs/EMTF/matlab_new/ZPLT set_fig.m
98.02.18 08:58 A C:\egbert\DOE\matlab_new\ZPLT\set_lims.m --> maxwell.oce.orst.edu /home/maxwell/progs/EMTF/matlab_new/ZPLT set_lims.m
98.02.18 17:35 A C:\egbert\DOE\matlab_new\ZPLT\WS_FTP.LOG <-- maxwell /home/maxwell/progs/EMTF/matlab_new/ZPLT WS_FTP.LOG
98.02.18 17:35 A C:\egbert\DOE\matlab_new\ZPLT\xform.m <-- maxwell /home/maxwell/progs/EMTF/matlab_new/ZPLT xform.m
98.02.18 17:35 A C:\egbert\DOE\matlab_new\ZPLT\z_mtem.m <-- maxwell /home/maxwell/progs/EMTF/matlab_new/ZPLT z_mtem.m
98.02.18 17:35 A C:\egbert\DOE\matlab_new\ZPLT\z_to_imp.m <-- maxwell /home/maxwell/progs/EMTF/matlab_new/ZPLT z_to_imp.m
98.02.20 12:32 A C:\egbert\DOE\matlab_new\ZPLT\addband.m --> maxwell.oce.orst.edu /home/maxwell/progs/EMTF/matlab_new/ZPLT addband.m
98.02.20 12:32 A C:\egbert\DOE\matlab_new\ZPLT\ap_res.m --> maxwell.oce.orst.edu /home/maxwell/progs/EMTF/matlab_new/ZPLT ap_res.m
98.02.20 12:32 A C:\egbert\DOE\matlab_new\ZPLT\apresplt.m --> maxwell.oce.orst.edu /home/maxwell/progs/EMTF/matlab_new/ZPLT apresplt.m
98.02.20 12:32 A C:\egbert\DOE\matlab_new\ZPLT\ecomp.m --> maxwell.oce.orst.edu /home/maxwell/progs/EMTF/matlab_new/ZPLT ecomp.m
98.02.20 12:32 A C:\egbert\DOE\matlab_new\ZPLT\em_menu.m --> maxwell.oce.orst.edu /home/maxwell/progs/EMTF/matlab_new/ZPLT em_menu.m
98.02.20 12:32 A C:\egbert\DOE\matlab_new\ZPLT\globinc.m --> maxwell.oce.orst.edu /home/maxwell/progs/EMTF/matlab_new/ZPLT globinc.m
98.02.20 12:32 A C:\egbert\DOE\matlab_new\ZPLT\imp_ap.m --> maxwell.oce.orst.edu /home/maxwell/progs/EMTF/matlab_new/ZPLT imp_ap.m
98.02.20 12:32 A C:\egbert\DOE\matlab_new\ZPLT\mkpltind.m --> maxwell.oce.orst.edu /home/maxwell/progs/EMTF/matlab_new/ZPLT mkpltind.m
98.02.20 12:32 A C:\egbert\DOE\matlab_new\ZPLT\mt_menu.m --> maxwell.oce.orst.edu /home/maxwell/progs/EMTF/matlab_new/ZPLT mt_menu.m
98.02.20 12:32 A C:\egbert\DOE\matlab_new\ZPLT\pltrhom.m --> maxwell.oce.orst.edu /home/maxwell/progs/EMTF/matlab_new/ZPLT pltrhom.m
98.02.20 12:32 A C:\egbert\DOE\matlab_new\ZPLT\rot_z.m --> maxwell.oce.orst.edu /home/maxwell/progs/EMTF/matlab_new/ZPLT rot_z.m
98.02.20 12:32 A C:\egbert\DOE\matlab_new\ZPLT\rpltem.m --> maxwell.oce.orst.edu /home/maxwell/progs/EMTF/matlab_new/ZPLT rpltem.m
98.02.20 12:32 A C:\egbert\DOE\matlab_new\ZPLT\rpltmt.m --> maxwell.oce.orst.edu /home/maxwell/progs/EMTF/matlab_new/ZPLT rpltmt.m
98.02.20 12:32 A C:\egbert\DOE\matlab_new\ZPLT\set_fig.m --> maxwell.oce.orst.edu /home/maxwell/progs/EMTF/matlab_new/ZPLT set_fig.m
98.02.20 12:32 A C:\egbert\DOE\matlab_new\ZPLT\set_lims.m --> maxwell.oce.orst.edu /home/maxwell/progs/EMTF/matlab_new/ZPLT set_lims.m
