98.02.12 16:50 A C:\egbert\DOE\matlab_new\IN\Contents.m <-- maxwell /home/maxwell/progs/EMTF/matlab_new/IN Contents.m
98.02.12 16:50 A C:\egbert\DOE\matlab_new\IN\Pw_hd.m <-- maxwell /home/maxwell/progs/EMTF/matlab_new/IN Pw_hd.m
98.02.12 16:50 A C:\egbert\DOE\matlab_new\IN\Pw_in.m <-- maxwell /home/maxwell/progs/EMTF/matlab_new/IN Pw_in.m
98.02.12 16:50 A C:\egbert\DOE\matlab_new\IN\sdm_in.m <-- maxwell /home/maxwell/progs/EMTF/matlab_new/IN sdm_in.m
98.02.12 16:50 A C:\egbert\DOE\matlab_new\IN\sdm_init.m <-- maxwell /home/maxwell/progs/EMTF/matlab_new/IN sdm_init.m
98.02.12 16:50 A C:\egbert\DOE\matlab_new\IN\sn_in.m <-- maxwell /home/maxwell/progs/EMTF/matlab_new/IN sn_in.m
98.02.12 16:50 A C:\egbert\DOE\matlab_new\IN\Z_in.m <-- maxwell /home/maxwell/progs/EMTF/matlab_new/IN Z_in.m
98.02.13 08:29 A C:\egbert\DOE\matlab_new\IN\Contents.m --> maxwell.oce.orst.edu /home/maxwell/progs/EMTF/matlab_new/IN Contents.m
98.02.13 08:29 A C:\egbert\DOE\matlab_new\IN\Pw_hd.m --> maxwell.oce.orst.edu /home/maxwell/progs/EMTF/matlab_new/IN Pw_hd.m
98.02.13 08:29 A C:\egbert\DOE\matlab_new\IN\Pw_in.m --> maxwell.oce.orst.edu /home/maxwell/progs/EMTF/matlab_new/IN Pw_in.m
98.02.13 08:29 A C:\egbert\DOE\matlab_new\IN\sdm_in.m --> maxwell.oce.orst.edu /home/maxwell/progs/EMTF/matlab_new/IN sdm_in.m
98.02.13 08:29 A C:\egbert\DOE\matlab_new\IN\sdm_init.m --> maxwell.oce.orst.edu /home/maxwell/progs/EMTF/matlab_new/IN sdm_init.m
98.02.13 08:29 A C:\egbert\DOE\matlab_new\IN\sn_in.m --> maxwell.oce.orst.edu /home/maxwell/progs/EMTF/matlab_new/IN sn_in.m
98.02.13 16:10 A C:\egbert\DOE\matlab_new\IN\WS_FTP.LOG <-- maxwell /home/maxwell/progs/EMTF/matlab_new/IN WS_FTP.LOG
98.02.13 16:10 A C:\egbert\DOE\matlab_new\IN\Z_in.m <-- maxwell /home/maxwell/progs/EMTF/matlab_new/IN Z_in.m
98.02.17 09:12 A C:\egbert\DOE\matlab_new\IN\Contents.m --> maxwell.oce.orst.edu /home/maxwell/progs/EMTF/matlab_new/IN Contents.m
98.02.17 09:12 A C:\egbert\DOE\matlab_new\IN\Pw_hd.m --> maxwell.oce.orst.edu /home/maxwell/progs/EMTF/matlab_new/IN Pw_hd.m
98.02.17 09:12 A C:\egbert\DOE\matlab_new\IN\Pw_in.m --> maxwell.oce.orst.edu /home/maxwell/progs/EMTF/matlab_new/IN Pw_in.m
98.02.17 09:12 A C:\egbert\DOE\matlab_new\IN\sdm_in.m --> maxwell.oce.orst.edu /home/maxwell/progs/EMTF/matlab_new/IN sdm_in.m
98.02.17 09:12 A C:\egbert\DOE\matlab_new\IN\sdm_init.m --> maxwell.oce.orst.edu /home/maxwell/progs/EMTF/matlab_new/IN sdm_init.m
98.02.17 09:12 A C:\egbert\DOE\matlab_new\IN\sn_in.m --> maxwell.oce.orst.edu /home/maxwell/progs/EMTF/matlab_new/IN sn_in.m
98.02.17 17:31 A C:\egbert\DOE\matlab_new\IN\WS_FTP.LOG <-- maxwell /home/maxwell/progs/EMTF/matlab_new/IN WS_FTP.LOG
98.02.17 17:31 A C:\egbert\DOE\matlab_new\IN\Z_in.m <-- maxwell /home/maxwell/progs/EMTF/matlab_new/IN Z_in.m
98.02.18 08:57 A C:\egbert\DOE\matlab_new\IN\Contents.m --> maxwell.oce.orst.edu /home/maxwell/progs/EMTF/matlab_new/IN Contents.m
98.02.18 08:57 A C:\egbert\DOE\matlab_new\IN\Pw_hd.m --> maxwell.oce.orst.edu /home/maxwell/progs/EMTF/matlab_new/IN Pw_hd.m
98.02.18 08:57 A C:\egbert\DOE\matlab_new\IN\Pw_in.m --> maxwell.oce.orst.edu /home/maxwell/progs/EMTF/matlab_new/IN Pw_in.m
98.02.18 08:57 A C:\egbert\DOE\matlab_new\IN\sdm_in.m --> maxwell.oce.orst.edu /home/maxwell/progs/EMTF/matlab_new/IN sdm_in.m
98.02.18 08:57 A C:\egbert\DOE\matlab_new\IN\sdm_init.m --> maxwell.oce.orst.edu /home/maxwell/progs/EMTF/matlab_new/IN sdm_init.m
98.02.18 08:57 A C:\egbert\DOE\matlab_new\IN\sn_in.m --> maxwell.oce.orst.edu /home/maxwell/progs/EMTF/matlab_new/IN sn_in.m
98.02.18 17:35 A C:\egbert\DOE\matlab_new\IN\WS_FTP.LOG <-- maxwell /home/maxwell/progs/EMTF/matlab_new/IN WS_FTP.LOG
98.02.18 17:35 A C:\egbert\DOE\matlab_new\IN\Z_in.m <-- maxwell /home/maxwell/progs/EMTF/matlab_new/IN Z_in.m
98.02.20 12:32 A C:\egbert\DOE\matlab_new\IN\Contents.m --> maxwell.oce.orst.edu /home/maxwell/progs/EMTF/matlab_new/IN Contents.m
98.02.20 12:32 A C:\egbert\DOE\matlab_new\IN\Pw_hd.m --> maxwell.oce.orst.edu /home/maxwell/progs/EMTF/matlab_new/IN Pw_hd.m
98.02.20 12:32 A C:\egbert\DOE\matlab_new\IN\Pw_in.m --> maxwell.oce.orst.edu /home/maxwell/progs/EMTF/matlab_new/IN Pw_in.m
98.02.20 12:32 A C:\egbert\DOE\matlab_new\IN\sdm_in.m --> maxwell.oce.orst.edu /home/maxwell/progs/EMTF/matlab_new/IN sdm_in.m
98.02.20 12:32 A C:\egbert\DOE\matlab_new\IN\sdm_init.m --> maxwell.oce.orst.edu /home/maxwell/progs/EMTF/matlab_new/IN sdm_init.m
98.02.20 12:32 A C:\egbert\DOE\matlab_new\IN\sn_in.m --> maxwell.oce.orst.edu /home/maxwell/progs/EMTF/matlab_new/IN sn_in.m
