/sbin/ldconfig.real: Can't stat /lib/i686-linux-gnu: No such file or directory
/sbin/ldconfig.real: Can't stat /usr/lib/i686-linux-gnu: No such file or directory
/sbin/ldconfig.real: Path `/lib/x86_64-linux-gnu' given more than once
/sbin/ldconfig.real: Path `/usr/lib/x86_64-linux-gnu' given more than once
/usr/lib/i386-linux-gnu/mesa:
	libGL.so.1 -> libGL.so.1.2
/lib/i386-linux-gnu:
	libmemusage.so -> libmemusage.so
	libcrypto.so.0.9.8 -> libcrypto.so.0.9.8
	libncursesw.so.5 -> libncursesw.so.5.9
	libpcprofile.so -> libpcprofile.so
	libutil.so.1 -> libutil-2.15.so
	libuuid.so.1 -> libuuid.so.1.3.0
	libcrypt.so.1 -> libcrypt-2.15.so
	libgcrypt.so.11 -> libgcrypt.so.11.7.0
	libgpg-error.so.0 -> libgpg-error.so.0.8.0
	libresolv.so.2 -> libresolv-2.15.so
	libudev.so.0 -> libudev.so.0.13.0
	libpthread.so.0 -> libpthread-2.15.so
	libkeyutils.so.1 -> libkeyutils.so.1.4
	libaio.so.1 -> libaio.so.1.0.1
	libselinux.so.1 -> libselinux.so.1
	ld-linux.so.2 -> ld-2.15.so
	libSegFault.so -> libSegFault.so
	libssl.so.0.9.8 -> libssl.so.0.9.8
	libnss_files.so.2 -> libnss_files-2.15.so
	libssl.so.1.0.0 -> libssl.so.1.0.0
	libcrypto.so.1.0.0 -> libcrypto.so.1.0.0
	libnss_nis.so.2 -> libnss_nis-2.15.so
	libncurses.so.5 -> libncurses.so.5.9
	libnss_compat.so.2 -> libnss_compat-2.15.so
	libglib-2.0.so.0 -> libglib-2.0.so.0.3200.4
	libcap.so.2 -> libcap.so.2.22
	libtinfo.so.5 -> libtinfo.so.5.9
	librt.so.1 -> librt-2.15.so
	libexpat.so.1 -> libexpat.so.1.5.2
	libdl.so.2 -> libdl-2.15.so
	libacl.so.1 -> libacl.so.1.1.0
	libattr.so.1 -> libattr.so.1.1.0
	libwrap.so.0 -> libwrap.so.0.7.6
	libpng12.so.0 -> libpng12.so.0.46.0
	libcom_err.so.2 -> libcom_err.so.2.1
	libslang.so.2 -> libslang.so.2.2.4
	libm.so.6 -> libm-2.15.so
	libz.so.1 -> libz.so.1.2.3.4
	libc.so.6 -> libc-2.15.so
	libnss_dns.so.2 -> libnss_dns-2.15.so
	libnss_nisplus.so.2 -> libnss_nisplus-2.15.so
	libthread_db.so.1 -> libthread_db-1.0.so
	libnsl.so.1 -> libnsl-2.15.so
	libdbus-1.so.3 -> libdbus-1.so.3.5.8
	libnss_hesiod.so.2 -> libnss_hesiod-2.15.so
	libpcre.so.3 -> libpcre.so.3.12.1
	libbz2.so.1.0 -> libbz2.so.1.0.4
	libcidn.so.1 -> libcidn-2.15.so
	libBrokenLocale.so.1 -> libBrokenLocale-2.15.so
	libgcc_s.so.1 -> libgcc_s.so.1
	libusb-0.1.so.4 -> libusb-0.1.so.4.4.4
	libanl.so.1 -> libanl-2.15.so
/usr/lib/i386-linux-gnu:
	libnss3.so -> libnss3.so
	libv4lconvert.so.0 -> libv4lconvert.so.0
	libv4l1.so.0 -> libv4l1.so.0
	libgsttag-0.10.so.0 -> libgsttag-0.10.so.0.25.0
	libLLVM-3.0.so.1 -> libLLVM-3.0.so.1
	librtmp.so.0 -> librtmp.so.0
	libXss.so.1 -> libXss.so.1.0.0
	libXaw3d.so.6 -> libXaw3d.so.6.1
	libgpm.so.2 -> libgpm.so.2
	libogg.so.0 -> libogg.so.0.7.1
	libgstriff-0.10.so.0 -> libgstriff-0.10.so.0.25.0
	libcroco-0.6.so.3 -> libcroco-0.6.so.3.0.1
	libGLU.so.1 -> libGLU.so.1.3.08004
	libraw1394.so.11 -> libraw1394.so.11.0.1
	libcanberra-gtk.so.0 -> libcanberra-gtk.so.0.1.8
	libnspr4.so -> libnspr4.so
	libXfixes.so.3 -> libXfixes.so.3.1.0
	libXft.so.2 -> libXft.so.2.2.0
	libjpeg.so.8 -> libjpeg.so.8.0.2
	libwavpack.so.1 -> libwavpack.so.1.1.4
	libodbccr.so.1 -> libodbccr.so.1.0.0
	libkrb5.so.26 -> libkrb5.so.26.0.0
	libao.so.4 -> libao.so.4.0.0
	libodbc.so.1 -> libodbc.so.1.0.0
	libsane.so.1 -> libsane.so.1.0.22
	libmad.so.0 -> libmad.so.0.2.1
	libavahi-common.so.3 -> libavahi-common.so.3.5.3
	libXau.so.6 -> libXau.so.6.0.0
	libtag.so.1 -> libtag.so.1.7.0
	libxml2.so.2 -> libxml2.so.2.7.8
	libdbusmenu-qt.so.2 -> libdbusmenu-qt.so.2.6.0
	libXtst.so.6 -> libXtst.so.6.1.0
	libxcb-render.so.0 -> libxcb-render.so.0.0.0
	libcurl.so.4 -> libcurl.so.4.2.0
	libplds4.so -> libplds4.so
	libcups.so.2 -> libcups.so.2
	libthai.so.0 -> libthai.so.0.1.6
	libXdmcp.so.6 -> libXdmcp.so.6.0.0
	libdv.so.4 -> libdv.so.4.0.3
	libxcb-glx.so.0 -> libxcb-glx.so.0.0.0
	libSDL_image-1.2.so.0 -> libSDL_image-1.2.so.0.8.2
	liblcms.so.1 -> liblcms.so.1.0.19
	libpciaccess.so.0 -> libpciaccess.so.0.11.0
	libpanelw.so.5 -> libpanelw.so.5.9
	libgstbase-0.10.so.0 -> libgstbase-0.10.so.0.30.0
	libgphoto2_port.so.0 -> libgphoto2_port.so.0.8.0
	libvorbis.so.0 -> libvorbis.so.0.4.5
	libpulsecommon-1.1.so -> libpulsecommon-1.1.so
	libjacknet.so.0 -> libjacknet.so.0.1.0
	libplc4.so -> libplc4.so
	libvorbisenc.so.2 -> libvorbisenc.so.2.0.8
	libmysqlclient.so.18 -> libmysqlclient_r.so.18.0.0
	libdrm.so.2 -> libdrm.so.2.4.0
	libFLAC.so.8 -> libFLAC.so.8.2.0
	libffi.so.6 -> libffi.so.6.0.0
	libgnome-keyring.so.0 -> libgnome-keyring.so.0.2.0
	libgconf-2.so.4 -> libgconf-2.so.4.1.5
	libgd.so.2 -> libgd.so.2.0.0
	libieee1284.so.3 -> libieee1284.so.3.2.2
	libcairo-gobject.so.2 -> libcairo-gobject.so.2.11000.2
	libgstapp-0.10.so.0 -> libgstapp-0.10.so.0.25.0
	libgobject-2.0.so.0 -> libgobject-2.0.so.0.3200.4
	libpangoft2-1.0.so.0 -> libpangoft2-1.0.so.0.3000.0
	libQtXml.so.4 -> libQtXml.so.4.8.1
	libexslt.so.0 -> libexslt.so.0.8.15
	libelf.so.1 -> libelf-0.152.so
	libvorbisfile.so.3 -> libvorbisfile.so.3.3.4
	libQtXmlPatterns.so.4 -> libQtXmlPatterns.so.4.8.1
	libheimntlm.so.0 -> libheimntlm.so.0.1.0
	libmenu.so.5 -> libmenu.so.5.9
	libgthread-2.0.so.0 -> libgthread-2.0.so.0.3200.4
	libXaw.so.7 -> libXaw7.so.7.0.0
	libsndfile.so.1 -> libsndfile.so.1.0.25
	libsmime3.so -> libsmime3.so
	libspeex.so.1 -> libspeex.so.1.5.0
	libwine.so.1 -> libwine.so.1.0
	libSDL_ttf-2.0.so.0 -> libSDL_ttf-2.0.so.0.6.3
	libopenal.so.1 -> libopenal.so.1.13.0
	libltdl.so.7 -> libltdl.so.7.3.0
	libcaca++.so.0 -> libcucul++.so.0.99.17
	liborc-0.4.so.0 -> liborc-0.4.so.0.16.0
	libcdda_interface.so.0 -> libcdda_interface.so.0.10.2
	libgstrtsp-0.10.so.0 -> libgstrtsp-0.10.so.0.25.0
	libpangox-1.0.so.0 -> libpangox-1.0.so.0.3000.0
	libcupsimage.so.2 -> libcupsimage.so.2
	libsoup-gnome-2.4.so.1 -> libsoup-gnome-2.4.so.1.5.0
	libQtSvg.so.4 -> libQtSvg.so.4.8.1
	libgdk-x11-2.0.so.0 -> libgdk-x11-2.0.so.0.2400.10
	libgstcdda-0.10.so.0 -> libgstcdda-0.10.so.0.25.0
	libpango-1.0.so.0 -> libpango-1.0.so.0.3000.0
	libICE.so.6 -> libICE.so.6.3.0
	liblber-2.4.so.2 -> liblber-2.4.so.2.8.1
	libkrb5.so.3 -> libkrb5.so.3.3
	libgdk_pixbuf_xlib-2.0.so.0 -> libgdk_pixbuf_xlib-2.0.so.0.2600.1
	libform.so.5 -> libform.so.5.9
	libspeexdsp.so.1 -> libspeexdsp.so.1.5.0
	libgphoto2.so.2 -> libgphoto2.so.2.4.0
	libwind.so.0 -> libwind.so.0.0.0
	libasyncns.so.0 -> libasyncns.so.0.3.1
	libSM.so.6 -> libSM.so.6.0.1
	libtic.so.5 -> libtic.so.5.9
	libxcb.so.1 -> libxcb.so.1.1.0
	libgstnet-0.10.so.0 -> libgstnet-0.10.so.0.30.0
	libQtGui.so.4 -> libQtGui.so.4.8.1
	libgstbasecamerabinsrc-0.10.so.0 -> libgstbasecamerabinsrc-0.10.so.0.0.0
	libvisual-0.4.so.0 -> libvisual-0.4.so.0.0.0
	libgstaudio-0.10.so.0 -> libgstaudio-0.10.so.0.25.0
	libQtScript.so.4 -> libQtScript.so.4.8.1
	libpulsedsp.so -> libpulsedsp.so
	libgettextpo.so.0 -> libgettextpo.so.0.5.1
	libgstcontroller-0.10.so.0 -> libgstcontroller-0.10.so.0.30.0
	libcdda_paranoia.so.0 -> libcdda_paranoia.so.0.10.2
	libgssapi.so.3 -> libgssapi.so.3.0.0
	libX11.so.6 -> libX11.so.6.3.0
	libstdc++.so.5 -> libstdc++.so.5.0.7
	libjack.so.0 -> libjack.so.0.1.0
	libgstinterfaces-0.10.so.0 -> libgstinterfaces-0.10.so.0.25.0
	libroken.so.18 -> libroken.so.18.1.0
	libX11-xcb.so.1 -> libX11-xcb.so.1.0.0
	libtheoradec.so.1 -> libtheoradec.so.1.1.4
	libQtTest.so.4 -> libQtTest.so.4.8.1
	libgstvideo-0.10.so.0 -> libgstvideo-0.10.so.0.25.0
	libxcb-shm.so.0 -> libxcb-shm.so.0.0.0
	libpulse-mainloop-glib.so.0 -> libpulse-mainloop-glib.so.0.0.4
	libgstphotography-0.10.so.0 -> libgstphotography-0.10.so.0.0.0
	libtasn1.so.3 -> libtasn1.so.3.1.12
	libSDL_mixer-1.2.so.0 -> libSDL_mixer-1.2.so.0.10.1
	libunistring.so.0 -> libunistring.so.0.1.2
	liboil-0.3.so.0 -> liboil-0.3.so.0.3.0
	libsoup-2.4.so.1 -> libsoup-2.4.so.1.5.0
	libQtDesigner.so.4 -> libQtDesigner.so.4.8.1
	libSDL-1.2.so.0 -> libSDL-1.2.so.0.11.3
	libavahi-client.so.3 -> libavahi-client.so.3.2.9
	liborc-test-0.4.so.0 -> liborc-test-0.4.so.0.16.0
	libatk-1.0.so.0 -> libatk-1.0.so.0.20409.1
	libXdamage.so.1 -> libXdamage.so.1.1.0
	libhx509.so.5 -> libhx509.so.5.0.0
	libQtScriptTools.so.4 -> libQtScriptTools.so.4.8.1
	libproxy.so.1 -> libproxy.so.1.0.0
	libheimbase.so.1 -> libheimbase.so.1.0.0
	libsqlite3.so.0 -> libsqlite3.so.0.8.6
	libcairo.so.2 -> libcairo.so.2.11000.2
	libodbcinst.so.1 -> libodbcinst.so.1.0.0
	libXrandr.so.2 -> libXrandr.so.2.2.0
	libQtDBus.so.4 -> libQtDBus.so.4.8.1
	libgstnetbuffer-0.10.so.0 -> libgstnetbuffer-0.10.so.0.25.0
	libdb-5.1.so -> libdb-5.1.so
	libcanberra.so.0 -> libcanberra.so.0.2.5
	libQtDeclarative.so.4 -> libQtDeclarative.so.4.8.1
	libexif.so.12 -> libexif.so.12.3.2
	libjson.so.0 -> libjson.so.0.0.1
	libXcomposite.so.1 -> libXcomposite.so.1.0.0
	libgtk-x11-2.0.so.0 -> libgtk-x11-2.0.so.0.2400.10
	libgssapi_krb5.so.2 -> libgssapi_krb5.so.2.2
	libmenuw.so.5 -> libmenuw.so.5.9
	libidn.so.11 -> libidn.so.11.6.6
	libdbus-glib-1.so.2 -> libdbus-glib-1.so.2.2.2
	libk5crypto.so.3 -> libk5crypto.so.3.1
	libgnutls-extra.so.26 -> libgnutls-extra.so.26.21.8
	libgstfft-0.10.so.0 -> libgstfft-0.10.so.0.25.0
	libtiff.so.4 -> libtiff.so.4.3.4
	libaa.so.1 -> libaa.so.1.0.4
	libpulse.so.0 -> libpulse.so.0.13.5
	libgstdataprotocol-0.10.so.0 -> libgstdataprotocol-0.10.so.0.30.0
	libgstreamer-0.10.so.0 -> libgstreamer-0.10.so.0.30.0
	libgmodule-2.0.so.0 -> libgmodule-2.0.so.0.3200.4
	libtdb.so.1 -> libtdb.so.1.2.9
	libgstcheck-0.10.so.0 -> libgstcheck-0.10.so.0.30.0
	libXv.so.1 -> libXv.so.1.0.0
	libgnutls.so.26 -> libgnutls.so.26.21.8
	libaudio.so.2 -> libaudio.so.2.4
	libdrm_intel.so.1 -> libdrm_intel.so.1.0.0
	libgstrtp-0.10.so.0 -> libgstrtp-0.10.so.0.25.0
	libmikmod.so.2 -> libmikmod.so.2.0.4
	libgudev-1.0.so.0 -> libgudev-1.0.so.0.1.1
	libfontconfig.so.1 -> libfontconfig.so.1.4.4
	libXinerama.so.1 -> libXinerama.so.1.0.0
	libjasper.so.1 -> libjasper.so.1.0.0
	libgif.so.4 -> libungif.so.4.1.6
	libaudiofile.so.1 -> libaudiofile.so.1.0.0
	libsasl2.so.2 -> libsasl2.so.2.0.25
	libQt3Support.so.4 -> libQt3Support.so.4.8.1
	libgstpbutils-0.10.so.0 -> libgstpbutils-0.10.so.0.25.0
	libgomp.so.1 -> libgomp.so.1.0.0
	libpulse-simple.so.0 -> libpulse-simple.so.0.0.3
	libmpg123.so.0 -> libmpg123.so.0.25.1
	libQtNetwork.so.4 -> libQtNetwork.so.4.8.1
	libgdk_pixbuf-2.0.so.0 -> libgdk_pixbuf-2.0.so.0.2600.1
	libXext.so.6 -> libXext.so.6.4.0
	libXmu.so.6 -> libXmu.so.6.2.0
	libgdbm_compat.so.3 -> libgdbm_compat.so.3.0.0
	libpanel.so.5 -> libpanel.so.5.9
	libglapi.so.0 -> libglapi.so.0.0.0
	libSDL_net-1.2.so.0 -> libSDL_net-1.2.so.0.0.7
	libQtDesignerComponents.so.4 -> libQtDesignerComponents.so.4.8.1
	libgio-2.0.so.0 -> libgio-2.0.so.0.3200.4
	libQtCLucene.so.4 -> libQtCLucene.so.4.8.1
	libpixman-1.so.0 -> libpixman-1.so.0.24.4
	libasound.so.2 -> libasound.so.2.0.0
	libshout.so.3 -> libshout.so.3.2.0
	libssl3.so -> libssl3.so
	libcaca.so.0 -> libcucul.so.0.99.17
	libtheoraenc.so.1 -> libtheoraenc.so.1.1.2
	libdatrie.so.1 -> libdatrie.so.1.1.0
	libtheora.so.0 -> libtheora.so.0.3.10
	libdrm_nouveau.so.1 -> libdrm_nouveau.so.1.0.0
	libxslt.so.1 -> libxslt.so.1.1.26
	libQtSql.so.4 -> libQtSql.so.4.8.1
	libesd.so.0 -> libesd.so.0.2.39
	libgtrtst.so.1 -> libgtrtst.so.1.0.0
	libgstsdp-0.10.so.0 -> libgstsdp-0.10.so.0.25.0
	libldap_r-2.4.so.2 -> libldap_r-2.4.so.2.8.1
	libpangocairo-1.0.so.0 -> libpangocairo-1.0.so.0.3000.0
	libXpm.so.4 -> libXpm.so.4.11.0
	libQtWebKit.so.4 -> libQtWebKit.so.4.9.0
	librsvg-2.so.2 -> librsvg-2.so.2.36.1
	libXt.so.6 -> libXt.so.6.0.0
	libv4l2.so.0 -> libv4l2.so.0
	libhcrypto.so.4 -> libhcrypto.so.4.1.0
	libXi.so.6 -> libXi.so.6.1.0
	libsamplerate.so.0 -> libsamplerate.so.0.1.8
	libXrender.so.1 -> libXrender.so.1.3.0
	libmng.so.1 -> libmng.so.1.1.0.10
	libasn1.so.8 -> libasn1.so.8.0.0
	libcapi20.so.3 -> libcapi20.so.3.0.4
	libQtOpenGL.so.4 -> libQtOpenGL.so.4.8.1
	libkrb5support.so.0 -> libkrb5support.so.0.1
	libibus-1.0.so.0 -> libibus-1.0.so.0.401.0
	librom1394.so.0 -> librom1394.so.0.3.0
	libexpatw.so.1 -> libexpatw.so.1.5.2
	libQtCore.so.4 -> libQtCore.so.4.8.1
	libstdc++.so.6 -> libstdc++.so.6.0.18
	libavc1394.so.0 -> libavc1394.so.0.3.0
	libformw.so.5 -> libformw.so.5.9
	libpcreposix.so.3 -> libpcreposix.so.3.12.1
	libfreetype.so.6 -> libfreetype.so.6.8.0
	libdrm_radeon.so.1 -> libdrm_radeon.so.1.0.1
	libgailutil.so.18 -> libgailutil.so.18.0.1
	libnssutil3.so -> libnssutil3.so
	libp11-kit.so.0 -> libp11-kit.so.0.0.0
	libgdbm.so.3 -> libgdbm.so.3.0.0
	libpangoxft-1.0.so.0 -> libpangoxft-1.0.so.0.3000.0
	libXcursor.so.1 -> libXcursor.so.1.0.2
	libXp.so.6 -> libXp.so.6.2.0
	libiec61883.so.0 -> libiec61883.so.0.1.1
	libXxf86vm.so.1 -> libXxf86vm.so.1.0.0
/usr/local/lib:
	libboost_timer.so.1.55.0 -> libboost_timer.so.1.55.0
	libboost_program_options.so.1.55.0 -> libboost_program_options.so.1.55.0
	libboost_random.so.1.55.0 -> libboost_random.so.1.55.0
	libboost_math_c99.so.1.55.0 -> libboost_math_c99.so.1.55.0
	libboost_math_c99l.so.1.55.0 -> libboost_math_c99l.so.1.55.0
	libboost_serialization.so.1.55.0 -> libboost_serialization.so.1.55.0
	libboost_log.so.1.55.0 -> libboost_log.so.1.55.0
	libvplot.so.20 -> libvplot.so.20.0
	libboost_unit_test_framework.so.1.55.0 -> libboost_unit_test_framework.so.1.55.0
	libboost_wserialization.so.1.55.0 -> libboost_wserialization.so.1.55.0
	libboost_iostreams.so.1.55.0 -> libboost_iostreams.so.1.55.0
	libboost_regex.so.1.55.0 -> libboost_regex.so.1.55.0
	libboost_filesystem.so.1.55.0 -> libboost_filesystem.so.1.55.0
	libboost_python.so.1.55.0 -> libboost_python.so.1.55.0
	libboost_chrono.so.1.55.0 -> libboost_chrono.so.1.55.0
	libgpstk.so.20 -> libgpstk.so.20.0
	libgeomatics.so.20 -> libgeomatics.so.20.0
	libboost_date_time.so.1.55.0 -> libboost_date_time.so.1.55.0
	libboost_signals.so.1.55.0 -> libboost_signals.so.1.55.0
	libboost_log_setup.so.1.55.0 -> libboost_log_setup.so.1.55.0
	libboost_coroutine.so.1.55.0 -> libboost_coroutine.so.1.55.0
	libboost_context.so.1.55.0 -> libboost_context.so.1.55.0
	libboost_wave.so.1.55.0 -> libboost_wave.so.1.55.0
	libboost_math_tr1f.so.1.55.0 -> libboost_math_tr1f.so.1.55.0
	librxio.so.20 -> librxio.so.20.0
	libboost_system.so.1.55.0 -> libboost_system.so.1.55.0
	libboost_thread.so.1.55.0 -> libboost_thread.so.1.55.0
	libboost_math_tr1l.so.1.55.0 -> libboost_math_tr1l.so.1.55.0
	libboost_locale.so.1.55.0 -> libboost_locale.so.1.55.0
	libvdraw.so.20 -> libvdraw.so.20.0
	libgeodyn.so.20 -> libgeodyn.so.20.0
	libboost_graph.so.1.55.0 -> libboost_graph.so.1.55.0
	libboost_prg_exec_monitor.so.1.55.0 -> libboost_prg_exec_monitor.so.1.55.0
	libboost_atomic.so.1.55.0 -> libboost_atomic.so.1.55.0
	libnova-0.12.so.2 -> libnova.so
	libprocframe.so.20 -> libprocframe.so.20.0
	libboost_math_tr1.so.1.55.0 -> libboost_math_tr1.so.1.55.0
	libboost_math_c99f.so.1.55.0 -> libboost_math_c99f.so.1.55.0
/lib/x86_64-linux-gnu:
	libmemusage.so -> libmemusage.so
	libncursesw.so.5 -> libncursesw.so.5.9
	libpcprofile.so -> libpcprofile.so
	libnih-dbus.so.1 -> libnih-dbus.so.1.0.0
	libusb-1.0.so.0 -> libusb-1.0.so.0.1.0
	libutil.so.1 -> libutil-2.15.so
	libuuid.so.1 -> libuuid.so.1.3.0
	libcrypt.so.1 -> libcrypt-2.15.so
	libnss_wins.so.2 -> libnss_wins.so.2
	ld-linux-x86-64.so.2 -> ld-2.15.so
	libgcrypt.so.11 -> libgcrypt.so.11.7.0
	libgpg-error.so.0 -> libgpg-error.so.0.8.0
	libresolv.so.2 -> libresolv-2.15.so
	libudev.so.0 -> libudev.so.0.13.0
	libblkid.so.1 -> libblkid.so.1.1.0
	libreadline.so.5 -> libreadline.so.5.2
	libpthread.so.0 -> libpthread-2.15.so
	libkeyutils.so.1 -> libkeyutils.so.1.4
	libpci.so.3 -> libpci.so.3.1.8
	libntfs-3g.so.831 -> libntfs-3g.so.831.0.0
	libss.so.2 -> libss.so.2.0
	libselinux.so.1 -> libselinux.so.1
	libmount.so.1 -> libmount.so.1.1.0
	libSegFault.so -> libSegFault.so
	libnss_files.so.2 -> libnss_files-2.15.so
	libssl.so.1.0.0 -> libssl.so.1.0.0
	libcrypto.so.1.0.0 -> libcrypto.so.1.0.0
	libnss_winbind.so.2 -> libnss_winbind.so.2
	libnss_nis.so.2 -> libnss_nis-2.15.so
	libncurses.so.5 -> libncurses.so.5.9
	libnss_compat.so.2 -> libnss_compat-2.15.so
	libglib-2.0.so.0 -> libglib-2.0.so.0.3200.4
	libcap.so.2 -> libcap.so.2.22
	libtinfo.so.5 -> libtinfo.so.5.9
	librt.so.1 -> librt-2.15.so
	libexpat.so.1 -> libexpat.so.1.5.2
	libdl.so.2 -> libdl-2.15.so
	libacl.so.1 -> libacl.so.1.1.0
	libattr.so.1 -> libattr.so.1.1.0
	libwrap.so.0 -> libwrap.so.0.7.6
	libhistory.so.6 -> libhistory.so.6.2
	libbsd.so.0 -> libbsd.so.0.3.0
	libpng12.so.0 -> libpng12.so.0.46.0
	libcom_err.so.2 -> libcom_err.so.2.1
	libext2fs.so.2 -> libext2fs.so.2.4
	libslang.so.2 -> libslang.so.2.2.4
	libm.so.6 -> libm-2.15.so
	libpcsclite.so.1 -> libpcsclite.so.1.0.0
	libpamc.so.0 -> libpamc.so.0.82.1
	libz.so.1 -> libz.so.1.2.3.4
	libc.so.6 -> libc-2.15.so
	libnss_dns.so.2 -> libnss_dns-2.15.so
	libe2p.so.2 -> libe2p.so.2.3
	libnss_nisplus.so.2 -> libnss_nisplus-2.15.so
	libatasmart.so.4 -> libatasmart.so.4.0.4
	libthread_db.so.1 -> libthread_db-1.0.so
	libnsl.so.1 -> libnsl-2.15.so
	libreadline.so.6 -> libreadline.so.6.2
	libpam.so.0 -> libpam.so.0.83.0
	libpam_misc.so.0 -> libpam_misc.so.0.82.0
	libdbus-1.so.3 -> libdbus-1.so.3.5.8
	libnss_hesiod.so.2 -> libnss_hesiod-2.15.so
	libpcre.so.3 -> libpcre.so.3.12.1
	libnih.so.1 -> libnih.so.1.0.0
	libbz2.so.1.0 -> libbz2.so.1.0.4
	libcidn.so.1 -> libcidn-2.15.so
	libhistory.so.5 -> libhistory.so.5.2
	libBrokenLocale.so.1 -> libBrokenLocale-2.15.so
	libparted.so.0 -> libparted.so.0.0.1
	libgcc_s.so.1 -> libgcc_s.so.1
	libpopt.so.0 -> libpopt.so.0.0.0
	libusb-0.1.so.4 -> libusb-0.1.so.4.4.4
	libanl.so.1 -> libanl-2.15.so
/usr/lib/x86_64-linux-gnu:
	libv4lconvert.so.0 -> libv4lconvert.so.0
	libv4l1.so.0 -> libv4l1.so.0
	liblcms2.so.2 -> liblcms2.so.2.0.2
	libass.so.4 -> libass.so.4.1.0
	libgsttag-0.10.so.0 -> libgsttag-0.10.so.0.25.0
	libx264.so.120 -> libx264.so.120
	libLLVM-3.0.so.1 -> libLLVM-3.0.so.1
	librtmp.so.0 -> librtmp.so.0
	libXss.so.1 -> libXss.so.1.0.0
	libgnutls-openssl.so.27 -> libgnutls-openssl.so.27.0.0
	libatomic.so.1 -> libatomic.so.1.0.0
	libqjson.so.0 -> libqjson.so.0.7.1
	libgfortran.so.3 -> libgfortran.so.3.0.0
	libwx_gtk2u_plot-2.8.so.0 -> libwx_gtk2u_plot-2.8.so.0.8.0
	libsvn_client-1.so.1 -> libsvn_client-1.so.1.0.0
	libgpm.so.2 -> libgpm.so.2
	libwx_gtk2u_svg-2.8.so.0 -> libwx_gtk2u_svg-2.8.so.0.8.0
	libIDL-2.so.0 -> libIDL-2.so.0.0.0
	libogg.so.0 -> libogg.so.0.7.1
	liblzo2.so.2 -> liblzo2.so.2.0.0
	libwmflite-0.2.so.7 -> libwmflite-0.2.so.7.0.1
	libgstriff-0.10.so.0 -> libgstriff-0.10.so.0.25.0
	libcroco-0.6.so.3 -> libcroco-0.6.so.3.0.1
	libGLU.so.1 -> libGLU.so.1.3.08004
	libgeis.so.1 -> libgeis.so.1.3.0
	libraw1394.so.11 -> libraw1394.so.11.0.1
	libwx_gtk2u_stc-2.8.so.0 -> libwx_gtk2u_stc-2.8.so.0.8.0
	libXfixes.so.3 -> libXfixes.so.3.1.0
	libXft.so.2 -> libXft.so.2.2.0
	libdiscid.so.0 -> libdiscid.so.0.2.1
	libjpeg.so.8 -> libjpeg.so.8.0.2
	libsvn_wc-1.so.1 -> libsvn_wc-1.so.1.0.0
	libwavpack.so.1 -> libwavpack.so.1.1.4
	libodbccr.so.1 -> libodbccr.so.1.0.0
	libssh.so.4 -> libssh.so.4.2.2
	libsmbclient.so.0 -> libsmbclient.so.0
	libxcb-shape.so.0 -> libxcb-shape.so.0.0.0
	libkrb5.so.26 -> libkrb5.so.26.0.0
	libodbc.so.1 -> libodbc.so.1.0.0
	libsane.so.1 -> libsane.so.1.0.22
	libcupscgi.so.1 -> libcupscgi.so.1
	libmad.so.0 -> libmad.so.0.2.1
	libavahi-common.so.3 -> libavahi-common.so.3.5.3
	libedit.so.2 -> libedit.so.2.11
	libXau.so.6 -> libXau.so.6.0.0
	liblzma.so.5 -> liblzma.so.5.0.0
	libtag.so.1 -> libtag.so.1.7.0
	libxml2.so.2 -> libxml2.so.2.7.8
	libgssrpc.so.4 -> libgssrpc.so.4.1
	libdbusmenu-qt.so.2 -> libdbusmenu-qt.so.2.6.0
	libXtst.so.6 -> libXtst.so.6.1.0
	libxcb-render.so.0 -> libxcb-render.so.0.0.0
	libcurl.so.4 -> libcurl.so.4.2.0
	libcups.so.2 -> libcups.so.2
	libsvn_delta-1.so.1 -> libsvn_delta-1.so.1.0.0
	libwx_gtk2u_core-2.8.so.0 -> libwx_gtk2u_core-2.8.so.0.8.0
	libdb-4.8.so -> libdb-4.8.so
	libwx_gtk2u_qa-2.8.so.0 -> libwx_gtk2u_qa-2.8.so.0.8.0
	libtsan.so.0 -> libtsan.so.0.0.0
	libvdpau.so.1 -> libvdpau.so.1.0.0
	libthai.so.0 -> libthai.so.0.1.6
	libXdmcp.so.6 -> libXdmcp.so.6.0.0
	libgutenprint.so.3 -> libgutenprint.so.3.0.0
	libdv.so.4 -> libdv.so.4.0.3
	libxcb-glx.so.0 -> libxcb-glx.so.0.0.0
	libSDL_image-1.2.so.0 -> libSDL_image-1.2.so.0.8.2
	libxatracker.so.1 -> libxatracker.so.1.0.0
	libWildMidi.so.1 -> libWildMidi.so.1.0.2
	libnettle.so.4 -> libnettle.so.4.3
	libcloog-isl.so.4 -> libcloog-isl.so.4.0.0
	liblcms.so.1 -> liblcms.so.1.0.19
	libpciaccess.so.0 -> libpciaccess.so.0.11.0
	libapt-pkg.so.4.12 -> libapt-pkg.so.4.12.0
	libpanelw.so.5 -> libpanelw.so.5.9
	libnss3.so -> libnss3.so.1d
	libbluray.so.1 -> libbluray.so.1.1.0
	libgstbase-0.10.so.0 -> libgstbase-0.10.so.0.30.0
	libxcb-composite.so.0 -> libxcb-composite.so.0.0.0
	libgnomevfs-2.so.0 -> libgnomevfs-2.so.0.2400.4
	libgphoto2_port.so.0 -> libgphoto2_port.so.0.8.0
	libvorbis.so.0 -> libvorbis.so.0.4.5
	libpulsecommon-1.1.so -> libpulsecommon-1.1.so
	libjacknet.so.0 -> libjacknet.so.0.1.0
	libpoppler-qt4.so.3 -> libpoppler-qt4.so.3.7.0
	libplc4.so -> libplc4.so.0d
	libvorbisenc.so.2 -> libvorbisenc.so.2.0.8
	libdrm.so.2 -> libdrm.so.2.4.0
	libFLAC.so.8 -> libFLAC.so.8.2.0
	libdconf.so.0 -> libdconf.so.0.0.0
	libwx_gtk2u_gizmos-2.8.so.0 -> libwx_gtk2u_gizmos-2.8.so.0.8.0
	libQtHelp.so.4 -> libQtHelp.so.4.8.1
	libffi.so.6 -> libffi.so.6.0.0
	libavfilter.so.2 -> libavfilter.so.2.15.0
	libgnome-keyring.so.0 -> libgnome-keyring.so.0.2.0
	libgconf-2.so.4 -> libgconf-2.so.4.1.5
	libgd.so.2 -> libgd.so.2.0.0
	libieee1284.so.3 -> libieee1284.so.3.2.2
	libpolkit-backend-1.so.0 -> libpolkit-backend-1.so.0.0.0
	liblua5.1.so.0 -> liblua5.1.so.0.0.0
	libgij.so.12 -> libgij.so.12.0.0
	libcairo-gobject.so.2 -> libcairo-gobject.so.2.11000.2
	libgstapp-0.10.so.0 -> libgstapp-0.10.so.0.25.0
	libcupsmime.so.1 -> libcupsmime.so.1
	libgobject-2.0.so.0 -> libgobject-2.0.so.0.3200.4
	libpangoft2-1.0.so.0 -> libpangoft2-1.0.so.0.3000.0
	libQtXml.so.4 -> libQtXml.so.4.8.1
	libwmf-0.2.so.7 -> libwmf-0.2.so.7.1.0
	libexslt.so.0 -> libexslt.so.0.8.15
	libgnutlsxx.so.27 -> libgnutlsxx.so.27.0.0
	libart_lgpl_2.so.2 -> libart_lgpl_2.so.2.3.21
	libelf.so.1 -> libelf-0.152.so
	libvorbisfile.so.3 -> libvorbisfile.so.3.3.4
	libQtXmlPatterns.so.4 -> libQtXmlPatterns.so.4.8.1
	libbonobo-2.so.0 -> libbonobo-2.so.0.0.0
	libgrail.so.5 -> libgrail.so.5.0.0
	libvo-amrwbenc.so.0 -> libvo-amrwbenc.so.0.0.2
	libsvn_fs_util-1.so.1 -> libsvn_fs_util-1.so.1.0.0
	libheimntlm.so.0 -> libheimntlm.so.0.1.0
	libmenu.so.5 -> libmenu.so.5.9
	libgdu.so.0 -> libgdu.so.0.0.0
	libgthread-2.0.so.0 -> libgthread-2.0.so.0.3200.4
	libva.so.1 -> libva.so.1.3200.0
	libXaw.so.7 -> libXaw7.so.7.0.0
	libsndfile.so.1 -> libsndfile.so.1.0.25
	libSoundTouch.so.0 -> libSoundTouch.so.0.0.0
	libgcj.so.12 -> libgcj.so.12.0.0
	libbluetooth.so.3 -> libbluetooth.so.3.11.5
	liblua5.1-c++.so.0 -> liblua5.1-c++.so.0.0.0
	libdc1394.so.22 -> libdc1394.so.22.1.7
	libspeex.so.1 -> libspeex.so.1.5.0
	libwine.so.1 -> libwine.so.1.0
	libaacs.so.0 -> libaacs.so.0.1.0
	libframe.so.6 -> libframe.so.6.0.0
	libopenal.so.1 -> libopenal.so.1.13.0
	libltdl.so.7 -> libltdl.so.7.3.0
	libcaca++.so.0 -> libcucul++.so.0.99.17
	libsvn_fs-1.so.1 -> libsvn_fs-1.so.1.0.0
	liborc-0.4.so.0 -> liborc-0.4.so.0.16.0
	libva-x11.so.1 -> libva-x11.so.1.3200.0
	libcdda_interface.so.0 -> libcdda_interface.so.0.10.2
	libgstrtsp-0.10.so.0 -> libgstrtsp-0.10.so.0.25.0
	libpangox-1.0.so.0 -> libpangox-1.0.so.0.3000.0
	libcupsimage.so.2 -> libcupsimage.so.2
	libsoup-gnome-2.4.so.1 -> libsoup-gnome-2.4.so.1.5.0
	libQtSvg.so.4 -> libQtSvg.so.4.8.1
	libgdk-x11-2.0.so.0 -> libgdk-x11-2.0.so.0.2400.10
	libgstcdda-0.10.so.0 -> libgstcdda-0.10.so.0.25.0
	libpango-1.0.so.0 -> libpango-1.0.so.0.3000.0
	libICE.so.6 -> libICE.so.6.3.0
	libdapclient.so.3 -> libdapclient.so.3.1.0
	libsvn_ra_svn-1.so.1 -> libsvn_ra_svn-1.so.1.0.0
	liblber-2.4.so.2 -> liblber.so
	libwx_gtk2u_gizmos_xrc-2.8.so.0 -> libwx_gtk2u_gizmos_xrc-2.8.so.0.8.0
	libyajl.so.1 -> libyajl.so.1.0.12
	libglade-2.0.so.0 -> libglade-2.0.so.0.0.7
	libkrb5.so.3 -> libkrb5.so.3.3
	libpcap.so.0.8 -> libpcap.so.1.1.1
	libORBitCosNaming-2.so.0 -> libORBitCosNaming-2.so.0.1.0
	libdbusmenu-gtk3.so.4 -> libdbusmenu-gtk3.so.4.0.13
	libpkcs11-helper.so.1 -> libpkcs11-helper.so.1.0.0
	libgdk_pixbuf_xlib-2.0.so.0 -> libgdk_pixbuf_xlib-2.0.so.0.2600.1
	libform.so.5 -> libform.so.5.9
	libspeexdsp.so.1 -> libspeexdsp.so.1.5.0
	libgphoto2.so.2 -> libgphoto2.so.2.4.0
	libwind.so.0 -> libwind.so.0.0.0
	libasyncns.so.0 -> libasyncns.so.0.3.1
	libsmpeg-0.4.so.0 -> libsmpeg-0.4.so.0.1.4
	libsvn_diff-1.so.1 -> libsvn_diff-1.so.1.0.0
	libavdevice.so.53 -> libavdevice.so.53.2.0
	libSM.so.6 -> libSM.so.6.0.1
	libtic.so.5 -> libtic.so.5.9
	libsvn_fs_base-1.so.1 -> libsvn_fs_base-1.so.1.0.0
	libxcb.so.1 -> libxcb.so.1.1.0
	libgstnet-0.10.so.0 -> libgstnet-0.10.so.0.30.0
	libavformat.so.53 -> libavformat.so.53.21.1
	libQtGui.so.4 -> libQtGui.so.4.8.1
	libgstbasecamerabinsrc-0.10.so.0 -> libgstbasecamerabinsrc-0.10.so.0.0.0
	libpcrecpp.so.0 -> libpcrecpp.so.0.0.0
	libvisual-0.4.so.0 -> libvisual-0.4.so.0.0.0
	libgstaudio-0.10.so.0 -> libgstaudio-0.10.so.0.25.0
	libwx_gtk2u_xrc-2.8.so.0 -> libwx_gtk2u_xrc-2.8.so.0.8.0
	libQtScript.so.4 -> libQtScript.so.4.8.1
	libpulsedsp.so -> libpulsedsp.so
	libgettextpo.so.0 -> libgettextpo.so.0.5.1
	libgstcontroller-0.10.so.0 -> libgstcontroller-0.10.so.0.30.0
	libavcodec.so.53 -> libavcodec.so.53.35.0
	libcdda_paranoia.so.0 -> libcdda_paranoia.so.0.10.2
	libwx_baseu_net-2.8.so.0 -> libwx_baseu_net-2.8.so.0.8.0
	libgssapi.so.3 -> libgssapi.so.3.0.0
	libgstbasevideo-0.10.so.0 -> libgstbasevideo-0.10.so.0.0.0
	libsvn_fs_fs-1.so.1 -> libsvn_fs_fs-1.so.1.0.0
	libnotify.so.4 -> libnotify.so.4.0.0
	libassuan.so.0 -> libassuan.so.0.2.0
	libX11.so.6 -> libX11.so.6.3.0
	libsvn_auth_kwallet-1.so.1 -> libsvn_auth_kwallet-1.so.1.0.0
	libjack.so.0 -> libjack.so.0.1.0
	libgstinterfaces-0.10.so.0 -> libgstinterfaces-0.10.so.0.25.0
	libroken.so.18 -> libroken.so.18.1.0
	libX11-xcb.so.1 -> libX11-xcb.so.1.0.0
	libtheoradec.so.1 -> libtheoradec.so.1.1.4
	libasan.so.0 -> libasan.so.0.0.0
	libQtTest.so.4 -> libQtTest.so.4.8.1
	libwx_gtk2u_adv-2.8.so.0 -> libwx_gtk2u_adv-2.8.so.0.8.0
	libgstvideo-0.10.so.0 -> libgstvideo-0.10.so.0.25.0
	libxcb-shm.so.0 -> libxcb-shm.so.0.0.0
	libpulse-mainloop-glib.so.0 -> libpulse-mainloop-glib.so.0.0.4
	libgstphotography-0.10.so.0 -> libgstphotography-0.10.so.0.0.0
	libtasn1.so.3 -> libtasn1.so.3.1.12
	libdbusmenu-glib.so.4 -> libdbusmenu-glib.so.4.0.13
	libpoppler.so.19 -> libpoppler.so.19.0.0
	libmp3lame.so.0 -> libmp3lame.so.0.0.0
	libitm.so.1 -> libitm.so.1.0.0
	libavahi-glib.so.1 -> libavahi-glib.so.1.0.2
	libunistring.so.0 -> libunistring.so.0.1.2
	libsensors.so.4 -> libsensors.so.4.3.1
	liboil-0.3.so.0 -> liboil-0.3.so.0.3.0
	libsoup-2.4.so.1 -> libsoup-2.4.so.1.5.0
	libpipeline.so.1 -> libpipeline.so.1.2.1
	libQtDesigner.so.4 -> libQtDesigner.so.4.8.1
	libSDL-1.2.so.0 -> libSDL-1.2.so.0.11.3
	libqalculate.so.5 -> libqalculate.so.5.0.0
	libavahi-client.so.3 -> libavahi-client.so.3.2.9
	libavahi-core.so.7 -> libavahi-core.so.7.0.2
	liborc-test-0.4.so.0 -> liborc-test-0.4.so.0.16.0
	libatk-1.0.so.0 -> libatk-1.0.so.0.20409.1
	libXdamage.so.1 -> libXdamage.so.1.1.0
	libmpfr.so.4 -> libmpfr.so.4.1.0
	libsvn_subr-1.so.1 -> libsvn_subr-1.so.1.0.0
	libgtk-3.so.0 -> libgtk-3.so.0.400.2
	libhx509.so.5 -> libhx509.so.5.0.0
	libQtScriptTools.so.4 -> libQtScriptTools.so.4.8.1
	libdapserver.so.7 -> libdapserver.so.7.2.0
	libproxy.so.1 -> libproxy.so.1.0.0
	libheimbase.so.1 -> libheimbase.so.1.0.0
	libdbusmenu-gtk.so.4 -> libdbusmenu-gtk.so.4.0.13
	libsvn_auth_gnome_keyring-1.so.1 -> libsvn_auth_gnome_keyring-1.so.1.0.0
	libsqlite3.so.0 -> libsqlite3.so.0.8.6
	libcairo.so.2 -> libcairo.so.2.11000.2
	libodbcinst.so.1 -> libodbcinst.so.1.0.0
	libgstsignalprocessor-0.10.so.0 -> libgstsignalprocessor-0.10.so.0.0.0
	libxvidcore.so.4 -> libxvidcore.so.4.3
	libarchive.so.12 -> libarchive.so.12.0.3
	libXrandr.so.2 -> libXrandr.so.2.2.0
	libQtDBus.so.4 -> libQtDBus.so.4.8.1
	libgstnetbuffer-0.10.so.0 -> libgstnetbuffer-0.10.so.0.25.0
	libdb-5.1.so -> libdb-5.1.so
	libcupsppdc.so.1 -> libcupsppdc.so.1
	libcanberra.so.0 -> libcanberra.so.0.2.5
	libQtDeclarative.so.4 -> libQtDeclarative.so.4.8.1
	libprison.so.0 -> libprison.so.0.0.0
	libexif.so.12 -> libexif.so.12.3.2
	libjson.so.0 -> libjson.so.0.0.1
	libXcomposite.so.1 -> libXcomposite.so.1.0.0
	libORBit-imodule-2.so.0 -> libORBit-imodule-2.so.0.0.0
	libgtk-x11-2.0.so.0 -> libgtk-x11-2.0.so.0.2400.10
	libgssapi_krb5.so.2 -> libgssapi_krb5.so.2.2
	libmenuw.so.5 -> libmenuw.so.5.9
	libidn.so.11 -> libidn.so.11.6.6
	libxcb-xv.so.0 -> libxcb-xv.so.0.0.0
	libdbus-glib-1.so.2 -> libdbus-glib-1.so.2.2.2
	libk5crypto.so.3 -> libk5crypto.so.3.1
	libgnutls-extra.so.26 -> libgnutls-extra.so.26.21.8
	libwbclient.so.0 -> libwbclient.so.0
	libgnome-2.so.0 -> libgnome-2.so.0.3200.1
	libgpsd.so.20 -> libgpsd.so.20.0.0
	libgstfft-0.10.so.0 -> libgstfft-0.10.so.0.25.0
	libtiff.so.4 -> libtiff.so.4.3.4
	libaa.so.1 -> libaa.so.1.0.4
	libpulse.so.0 -> libpulse.so.0.13.5
	libapt-inst.so.1.4 -> libapt-inst.so.1.4.0
	libpolkit-agent-1.so.0 -> libpolkit-agent-1.so.0.0.0
	libcupsfilters.so.1 -> libcupsfilters.so.1
	libgstdataprotocol-0.10.so.0 -> libgstdataprotocol-0.10.so.0.30.0
	libtalloc.so.2 -> libtalloc.so.2.0.7
	liblockfile.so.1 -> liblockfile.so.1.0
	libgstreamer-0.10.so.0 -> libgstreamer-0.10.so.0.30.0
	libgmodule-2.0.so.0 -> libgmodule-2.0.so.0.3200.4
	libavutil.so.51 -> libavutil.so.51.22.1
	libtdb.so.1 -> libtdb.so.1.2.9
	libsvn_swig_perl-1.so.1 -> libsvn_swig_perl-1.so.1.0.0
	libgstcheck-0.10.so.0 -> libgstcheck-0.10.so.0.30.0
	libXv.so.1 -> libXv.so.1.0.0
	libgnutls.so.26 -> libgnutls.so.26.21.8
	libsvn_ra-1.so.1 -> libsvn_ra-1.so.1.0.0
	libaudio.so.2 -> libaudio.so.2.4
	libnspr4.so -> libnspr4.so.0d
	libdrm_intel.so.1 -> libdrm_intel.so.1.0.0
	libgstrtp-0.10.so.0 -> libgstrtp-0.10.so.0.25.0
	libcurl-gnutls.so.4 -> libcurl.so
	libwx_gtk2u_media-2.8.so.0 -> libwx_gtk2u_media-2.8.so.0.8.0
	libmikmod.so.2 -> libmikmod.so.2.0.4
	libgudev-1.0.so.0 -> libgudev-1.0.so.0.1.1
	libkadm5srv_mit.so.8 -> libkadm5srv_mit.so.8.0
	libfontconfig.so.1 -> libfontconfig.so.1.4.4
	libpng12.so.0 -> libpng.so
	libXinerama.so.1 -> libXinerama.so.1.0.0
	libjasper.so.1 -> libjasper.so.1.0.0
	libgif.so.4 -> libungif.so.4.1.6
	libaudiofile.so.1 -> libaudiofile.so.1.0.0
	libsvn_ra_neon-1.so.1 -> libsvn_ra_neon-1.so.1.0.0
	libFLAC++.so.6 -> libFLAC++.so.6.2.0
	libwx_gtk2u_html-2.8.so.0 -> libwx_gtk2u_html-2.8.so.0.8.0
	libsasl2.so.2 -> libsasl2.so.2.0.25
	libgps.so.20 -> libgps.so.20.0.0
	libQt3Support.so.4 -> libQt3Support.so.4.8.1
	libgstpbutils-0.10.so.0 -> libgstpbutils-0.10.so.0.25.0
	libgomp.so.1 -> libgomp.so.1.0.0
	libwx_gtk2u_ogl-2.8.so.0 -> libwx_gtk2u_ogl-2.8.so.0.8.0
	libpulse-simple.so.0 -> libpulse-simple.so.0.0.3
	libwx_gtk2u_aui-2.8.so.0 -> libwx_gtk2u_aui-2.8.so.0.8.0
	libgcj-tools.so.12 -> libgcj-tools.so.12.0.0
	libswscale.so.2 -> libswscale.so.2.1.0
	libmpg123.so.0 -> libmpg123.so.0.25.1
	libORBit-2.so.0 -> libORBit-2.so.0.1.0
	libQtNetwork.so.4 -> libQtNetwork.so.4.8.1
	libgdk_pixbuf-2.0.so.0 -> libgdk_pixbuf-2.0.so.0.2600.1
	libXext.so.6 -> libXext.so.6.4.0
	libwx_gtk2u_fl-2.8.so.0 -> libwx_gtk2u_fl-2.8.so.0.8.0
	libXmu.so.6 -> libXmu.so.6.2.0
	libgdbm_compat.so.3 -> libgdbm_compat.so.3.0.0
	libpanel.so.5 -> libpanel.so.5.9
	libglapi.so.0 -> libglapi.so.0.0.0
	libmysqlclient.so.18 -> libmysqlclient_r.so.18.0.0
	libSDL_net-1.2.so.0 -> libSDL_net-1.2.so.0.0.7
	libQtDesignerComponents.so.4 -> libQtDesignerComponents.so.4.8.1
	libkadm5clnt_mit.so.8 -> libkadm5clnt_mit.so.8.0
	libgio-2.0.so.0 -> libgio-2.0.so.0.3200.4
	libts-0.0.so.0 -> libts-0.0.so.0.1.1
	libphonon.so.4 -> libphonon.so.4.6.0
	libQtCLucene.so.4 -> libQtCLucene.so.4.8.1
	libpixman-1.so.0 -> libpixman-1.so.0.24.4
	libasound.so.2 -> libasound.so.2.0.0
	libsigc-2.0.so.0 -> libsigc-2.0.so.0.0.0
	libshout.so.3 -> libshout.so.3.2.0
	libxcb-dri2.so.0 -> libxcb-dri2.so.0.0.0
	libssl3.so -> libssl3.so.1d
	libwx_gtk2u_richtext-2.8.so.0 -> libwx_gtk2u_richtext-2.8.so.0.8.0
	libcaca.so.0 -> libcucul.so.0.99.17
	libtheoraenc.so.1 -> libtheoraenc.so.1.1.2
	libdatrie.so.1 -> libdatrie.so.1.1.0
	libtheora.so.0 -> libtheora.so.0.3.10
	libdrm_nouveau.so.1 -> libdrm_nouveau.so.1.0.0
	libsmime3.so -> libsmime3.so.1d
	libpostproc.so.52 -> libpostproc.so.52.0.0
	libxcb-util.so.0 -> libxcb-util.so.0.0.0
	libbonobo-activation.so.4 -> libbonobo-activation.so.4.0.0
	libxslt.so.1 -> libxslt.so.1.1.26
	libQtSql.so.4 -> libQtSql.so.4.8.1
	libesd.so.0 -> libesd.so.0.2.39
	libgstcodecparsers-0.10.so.0 -> libgstcodecparsers-0.10.so.0.0.0
	libhunspell-1.3.so.0 -> libhunspell-1.3.so.0.0.0
	libQtAssistantClient.so.4 -> libQtAssistantClient.so.4.7.4
	libsvn_repos-1.so.1 -> libsvn_repos-1.so.1.0.0
	libgtrtst.so.1 -> libgtrtst.so.1.0.0
	libgstsdp-0.10.so.0 -> libgstsdp-0.10.so.0.25.0
	libldap_r-2.4.so.2 -> libldap_r.so
	libpangocairo-1.0.so.0 -> libpangocairo-1.0.so.0.3000.0
	libquadmath.so.0 -> libquadmath.so.0.0.0
	libgailutil-3.so.0 -> libgailutil-3.so.0.0.0
	libXpm.so.4 -> libXpm.so.4.11.0
	libssh_threads.so.4 -> libssh_threads.so.4.2.2
	libQtWebKit.so.4 -> libQtWebKit.so.4.9.0
	librsvg-2.so.2 -> librsvg-2.so.2.36.1
	libXt.so.6 -> libXt.so.6.0.0
	libdap.so.11 -> libdap.so.11.3.0
	libv4l2.so.0 -> libv4l2.so.0
	libwx_baseu_xml-2.8.so.0 -> libwx_baseu_xml-2.8.so.0.8.0
	libhcrypto.so.4 -> libhcrypto.so.4.1.0
	libXi.so.6 -> libXi.so.6.1.0
	libsamplerate.so.0 -> libsamplerate.so.0.1.8
	libXrender.so.1 -> libXrender.so.1.3.0
	libmng.so.1 -> libmng.so.1.1.0.10
	libasn1.so.8 -> libasn1.so.8.0.0
	libxkbfile.so.1 -> libxkbfile.so.1.0.2
	libcapi20.so.3 -> libcapi20.so.3.0.4
	libgmp.so.10 -> libgmp.so.10.0.2
	libQtOpenGL.so.4 -> libQtOpenGL.so.4.8.1
	libkrb5support.so.0 -> libkrb5support.so.0.1
	librom1394.so.0 -> librom1394.so.0.3.0
	libvo-aacenc.so.0 -> libvo-aacenc.so.0.0.2
	libexpatw.so.1 -> libexpatw.so.1.5.2
	libsvn_ra_local-1.so.1 -> libsvn_ra_local-1.so.1.0.0
	libkdb5.so.6 -> libkdb5.so.6.0
	libpoppler-glib.so.8 -> libpoppler-glib.so.8.2.0
	libstartup-notification-1.so.0 -> libstartup-notification-1.so.0.0.0
	libwx_baseu-2.8.so.0 -> libwx_baseu-2.8.so.0.8.0
	libQtCore.so.4 -> libQtCore.so.4.8.1
	libstdc++.so.6 -> libstdc++.so.6.0.18
	libfreexl.so.1 -> libfreexl.so.1.0.0
	libXmuu.so.1 -> libXmuu.so.1.0.0
	libavc1394.so.0 -> libavc1394.so.0.3.0
	libksba.so.8 -> libksba.so.8.11.0
	libformw.so.5 -> libformw.so.5.9
	libxcb-randr.so.0 -> libxcb-randr.so.0.1.0
	libpcreposix.so.3 -> libpcreposix.so.3.12.1
	libfreetype.so.6 -> libfreetype.so.6.8.0
	libdrm_radeon.so.1 -> libdrm_radeon.so.1.0.1
	libcupsdriver.so.1 -> libcupsdriver.so.1
	libplds4.so -> libplds4.so.0d
	libmpc.so.2 -> libmpc.so.2.0.0
	libexempi.so.3 -> libexempi.so.3.2.2
	libgailutil.so.18 -> libgailutil.so.18.0.1
	libnssutil3.so -> libnssutil3.so.1d
	libp11-kit.so.0 -> libp11-kit.so.0.0.0
	libgdbm.so.3 -> libgdbm.so.3.0.0
	libcolord.so.1 -> libcolord.so.1.0.8
	libgdk-3.so.0 -> libgdk-3.so.0.400.2
	libwx_gtk2u_gl-2.8.so.0 -> libwx_gtk2u_gl-2.8.so.0.8.0
	libpangoxft-1.0.so.0 -> libpangoxft-1.0.so.0.3000.0
	libXcursor.so.1 -> libXcursor.so.1.0.2
	libpolkit-gobject-1.so.0 -> libpolkit-gobject-1.so.0.0.0
	libXp.so.6 -> libXp.so.6.2.0
	libiec61883.so.0 -> libiec61883.so.0.1.1
	libXxf86vm.so.1 -> libXxf86vm.so.1.0.0
	libebml.so.3 -> libebml.so.3
/usr/lib/x86_64-linux-gnu/mesa:
	libGL.so.1 -> libGL.so.1.2
/lib32:
	libmemusage.so -> libmemusage.so
	libpcprofile.so -> libpcprofile.so
	libutil.so.1 -> libutil-2.15.so
	libcrypt.so.1 -> libcrypt-2.15.so
	libresolv.so.2 -> libresolv-2.15.so
	libpthread.so.0 -> libpthread-2.15.so
	ld-linux.so.2 -> ld-2.15.so
	libSegFault.so -> libSegFault.so
	libnss_files.so.2 -> libnss_files-2.15.so
	libnss_nis.so.2 -> libnss_nis-2.15.so
	libnss_compat.so.2 -> libnss_compat-2.15.so
	librt.so.1 -> librt-2.15.so
	libdl.so.2 -> libdl-2.15.so
	libm.so.6 -> libm-2.15.so
	libc.so.6 -> libc-2.15.so
	libnss_dns.so.2 -> libnss_dns-2.15.so
	libnss_nisplus.so.2 -> libnss_nisplus-2.15.so
	libthread_db.so.1 -> libthread_db-1.0.so
	libnsl.so.1 -> libnsl-2.15.so
	libnss_hesiod.so.2 -> libnss_hesiod-2.15.so
	libcidn.so.1 -> libcidn-2.15.so
	libBrokenLocale.so.1 -> libBrokenLocale-2.15.so
	libanl.so.1 -> libanl-2.15.so
/usr/lib32:
	libgomp.so.1 -> libgomp.so.1.0.0
	libz.so.1 -> libz.so.1.2.3.4
	libasound.so.2 -> libasound.so.2.0.0
	libquadmath.so.0 -> libquadmath.so.0.0.0
	libgcc_s.so.1 -> libgcc_s.so.1
	libstdc++.so.6 -> libstdc++.so.6.0.18
/lib:
	libnss_mdns6_minimal.so.2 -> libnss_mdns6_minimal.so.2
	libdevmapper-event.so.1.02.1 -> libdevmapper-event.so.1.02.1
	libiw.so.30 -> libiw.so.30
	libply-boot-client.so.2 -> libply-boot-client.so.2.0.0
	libnewt.so.0.52 -> libnewt.so.0.52.11
	libbrlapi.so.0.5 -> libbrlapi.so.0.5.6
	libulockmgr.so.1 -> libulockmgr.so.1.0.1
	libnss_mdns4_minimal.so.2 -> libnss_mdns4_minimal.so.2
	libdevmapper.so.1.02.1 -> libdevmapper.so.1.02.1
	libxtables.so.7 -> libxtables.so.7.0.0
	libproc-3.2.8.so -> libproc-3.2.8.so
	libnl-genl-3.so.200 -> libnl-genl-3.so.200.3.0
	libiptc.so.0 -> libiptc.so.0.0.0
	libnl-3.so.200 -> libnl-3.so.200.3.0
	libply-splash-core.so.2 -> libply-splash-core.so.2.0.0
	libip6tc.so.0 -> libip6tc.so.0.0.0
	libnss_mdns4.so.2 -> libnss_mdns4.so.2
	libfuse.so.2 -> libfuse.so.2.8.6
	libply-splash-graphics.so.2 -> libply-splash-graphics.so.2.0.0
	libipq_pic.so.0 -> libipq_pic.so.0.0.0
	libply.so.2 -> libply.so.2.0.0
	libnss_mdns6.so.2 -> libnss_mdns6.so.2
	libip4tc.so.0 -> libip4tc.so.0.0.0
	libcryptsetup.so.4 -> libcryptsetup.so.4.0.0
	ld-linux.so.2 -> ld-lsb.so.3
	liblvm2app.so.2.2 -> liblvm2app.so.2.2
	libsysfs.so.2 -> libsysfs.so.2.0.1
	libnss_mdns_minimal.so.2 -> libnss_mdns_minimal.so.2
	libx86.so.1 -> libx86.so.1
	libipq.so.0 -> libipq.so.0.0.0
	libnss_mdns.so.2 -> libnss_mdns.so.2
/usr/lib:
	libBLT.2.4.so.8.4 -> libBLT.2.4.so.8.4
	libtcl8.5.so.0 -> libtcl8.5.so.0
	libgimpmodule-2.0.so.0 -> libgimpmodule-2.0.so.0.600.12
	libupower-glib.so.1 -> libupower-glib.so.1.0.1
	libampache_account_login.so -> libampache_account_login.so
	libaprutil-1.so.0 -> libaprutil-1.so.0.3.12
	libspeechd.so.2 -> libspeechd.so.2.3.0
	libcwidget.so.3 -> libcwidget.so.3.0.0
	liba52-0.7.4.so -> liba52-0.7.4.so
	libpathplan.so.4 -> libpathplan.so.4.0.0
	libknminternals.so.4 -> libknminternals.so.4.8.0
	libmms.so.0 -> libmms.so.0.0.2
	libwpd-stream-0.9.so.9 -> libwpd-stream-0.9.so.9.0.4
	libmessagelist.so.4 -> libmessagelist.so.4.8.0
	libkfontinstui.so.4 -> libkfontinstui.so.4.8.0
	liblwres.so.80 -> liblwres.so.80.0.1
	libpolkit-qt-agent-1.so.1 -> libpolkit-qt-agent-1.so.1.103.0
	libMagickCore.so.4 -> libMagickCore.so.4.0.1
	libBLTlite.2.4.so.8.4 -> libBLTlite.2.4.so.8.4
	libsopranoindex.so.1 -> libsopranoindex.so.1.1.0
	libtk8.5.so.0 -> libtk8.5.so.0
	libvlccore.so.5 -> libvlccore.so.5.1.1
	libpulsecore-1.1.so -> libpulsecore-1.1.so
	libupnp.so.3 -> libupnp.so.3.0.5
	libqapt.so.1 -> libqapt.so.1.3.1
	libkateinterfaces.so.4 -> libkateinterfaces.so.4.8.0
	libkalarmcal.so.2 -> libkalarmcal.so.2.7.0
	libisl.so.10 -> libisl.so.10.1.1
	libboost_program_options.so.1.46.1 -> libboost_program_options.so.1.46.1
	libhpmud.so.0 -> libhpmud.so.0.0.6
	libkprintutils.so.4 -> libkprintutils.so.4.8.0
	libflite_cmu_us_awb.so.1 -> libflite_cmu_us_awb.so.1.4
	libgraphite.so.3 -> libgraphite.so.3.0.0
	libcelt0.so.0 -> libcelt0.so.0.0.0
	libsoprano.so.4 -> libsoprano.so.4.3.0
	libflite_cmu_us_slt.so.1 -> libflite_cmu_us_slt.so.1.4
	libenca.so.0 -> libenca.so.0.5.1
	libhdf5.so.6 -> libhdf5.so.6.0.3
	libkio.so.5 -> libkio.so.5.8.0
	libvgagl.so.1 -> libvgagl.so.1.4.3
	libplasma.so.3 -> libplasma.so.3.0.0
	libotr.so.2 -> libotr.so.2.2.0
	libboost_iostreams.so.1.46.1 -> libboost_iostreams.so.1.46.1
	libgtop-2.0.so.7 -> libgtop-2.0.so.7.2.0
	libdvdread.so.4 -> libdvdread.so.4.2.0
	libxmlrpc_xmlparse.so.3 -> libxmlrpc_xmlparse.so.3.16
	libmsn.so.0.3 -> libmsn.so.0.3.0
	libqgroupwise.so -> libqgroupwise.so
	libnetsnmptrapd.so.15 -> libnetsnmptrapd.so.15.1.2
	libhdf5_hl_cpp.so.6 -> libhdf5_hl_cpp.so.6.0.3
	libqimageblitz.so.4 -> libqimageblitz.so.4.0.0
	libraptor2.so.0 -> libraptor2.so.0.0.0
	libkopeteaddaccountwizard.so.1 -> libkopeteaddaccountwizard.so.1.0.0
	libkcddb.so.4 -> libkcddb.so.4.8.0
	libkatepartinterfaces.so.4 -> libkatepartinterfaces.so.4.8.0
	libnepomukdatamanagement.so.4 -> libnepomukdatamanagement.so.4.8.0
	libhardsid-builder.so.0 -> libhardsid-builder.so.0.0.1
	libnetcdff.so.5 -> libnetcdff.so.5.0.0
	libpodofo.so.0.9.0 -> libpodofo.so.0.9.0
	libkopete_videodevice.so.4 -> libkopete_videodevice.so.4.8.0
	libnepomukcommon.so -> libnepomukcommon.so
	libplasmaclock.so.4abi3 -> libplasmaclock.so.4.8.0.abi3
	libkholidays.so.4 -> libkholidays.so.4.8.0
	libpolkit-qt-core-1.so.1 -> libpolkit-qt-core-1.so.1.103.0
	libkpty.so.4 -> libkpty.so.4.8.0
	libksgrd.so.4 -> libksgrd.so.4.8.0
	libkntlm.so.4 -> libkntlm.so.4.8.0
	libflite_cmu_time_awb.so.1 -> libflite_cmu_time_awb.so.1.4
	libogdi.so.3.2 -> libogdi.so.3.2
	libkpimtextedit.so.4 -> libkpimtextedit.so.4.8.0
	libvlc.so.5 -> libvlc.so.5.3.2
	libtar.so.0 -> libtar.so.0.0.0
	libtwolame.so.0 -> libtwolame.so.0.0.0
	liblaunchpad-integration-3.0.so.1 -> liblaunchpad-integration-3.0.so.1.0.0
	libperl.so.5.14 -> libperl.so.5.14.2
	libkxmlrpcclient.so.4 -> libkxmlrpcclient.so.4.8.0
	liboxygenstyle.so.4 -> liboxygenstyle.so.4.8.0
	libopenjpeg.so.2 -> libopenjpeg-2.1.3.0.so
	libMagickWand.so.4 -> libMagickWand.so.4.0.1
	libktorrent.so.3 -> libktorrent.so.3.0.3
	libkemoticons.so.4 -> libkemoticons.so.4.8.0
	libIntelXvMC.so.1 -> libIntelXvMC.so.1.0.0
	libhdf5_cpp.so.6 -> libhdf5_cpp.so.6.0.3
	libmplex2-1.9.so.0 -> libmplex2-1.9.so.0.0.0
	libsolidcontrol.so.4abi2 -> libsolidcontrol.so.4.8.0.abi2
	libmygpo-qt.so.1 -> libmygpo-qt.so.1.0.5
	libxmlrpc_server_cgi.so.3 -> libxmlrpc_server_cgi.so.3.16
	libmpeg2encpp-1.9.so.0 -> libmpeg2encpp-1.9.so.0.0.0
	libXm.so.2 -> libXm.so.2.0.1
	libaspell.so.15 -> libaspell.so.15.2.0
	libfftw3l.so.3 -> libfftw3l.so.3.3.0
	libkmediaplayer.so.4 -> libkmediaplayer.so.4.8.0
	libI810XvMC.so.1 -> libI810XvMC.so.1.0.0
	libknotifyplugin.so -> libknotifyplugin.so
	libmaildir.so.4 -> libmaildir.so.4.8.0
	libsphinxad.so.0 -> libsphinxad.so.0.0.0
	libflite_cmu_us_rms.so.1 -> libflite_cmu_us_rms.so.1.4
	libkexiv2.so.10 -> libkexiv2.so.10.0.1
	libkopetechatwindow_shared.so.1 -> libkopetechatwindow_shared.so.1.0.0
	libkdepim-copy.so.4 -> libkdepim-copy.so.4.8.0
	libcalendarsupport.so.4 -> libcalendarsupport.so.4.8.0
	libjavascriptcoregtk-1.0.so.0 -> libjavascriptcoregtk-1.0.so.0.13.4
	libgpod.so.4 -> libgpod.so.4.3.2
	libxmlrpc_abyss.so.3 -> libxmlrpc_abyss.so.3.16
	libweather_ion.so.6 -> libweather_ion.so.6.0.0
	libdebconf-kde.so.0 -> libdebconf-kde.so.0.1.0
	liblavplay-1.9.so.0 -> liblavplay-1.9.so.0.0.0
	libijs-0.35.so -> libijs-0.35.so
	libapr-1.so.0 -> libapr-1.so.0.4.6
	libplasmagenericshell.so.4 -> libplasmagenericshell.so.4.8.0
	libmeanwhile.so.1 -> libmeanwhile.so.1.0.2
	libkdepimdbusinterfaces.so.4 -> libkdepimdbusinterfaces.so.4.8.0
	libnetsnmpagent.so.15 -> libnetsnmpagent.so.15.1.2
	libnm-glib-vpn.so.1 -> libnm-glib-vpn.so.1.1.0
	libstreams.so.0 -> libstreams.so.0.7.7
	libGeoIPUpdate.so.0 -> libGeoIPUpdate.so.0.0.0
	libqrencode.so.3 -> libqrencode.so.3.1.1
	libplasma-geolocation-interface.so.4 -> libplasma-geolocation-interface.so.4.8.0
	libmolletnetwork.so.4 -> libmolletnetwork.so.4.8.0
	libdmtx.so.0 -> libdmtx.so.0.0.0
	libkmbox.so.4 -> libkmbox.so.4.8.0
	libpth.so.20 -> libpth.so.20.0.27
	libvcdinfo.so.0 -> libvcdinfo.so.0.2.0
	libBLTlite.2.4.so.8.5 -> libBLTlite.2.4.so.8.5
	libakonadi-kabc.so.4 -> libakonadi-kabc.so.4.8.0
	librpm.so.2 -> librpm.so.2.0.1
	libsphinxbase.so.1 -> libsphinxbase.so.1.0.0
	libsolid.so.4 -> libsolid.so.4.8.0
	libfaac.so.0 -> libfaac.so.0.0.0
	libakonadi-xml.so.4 -> libakonadi-xml.so.4.8.0
	libgrantlee_core.so.0 -> libgrantlee_core.so.0.2.0
	libkhotkeysprivate.so.4 -> libkhotkeysprivate.so.4.8.0
	libkopete_oscar.so.4 -> libkopete_oscar.so.4.8.0
	libkcal.so.4 -> libkcal.so.4.8.0
	libicutu.so.48 -> libicutu.so.48.1.1
	libzvbi.so.0 -> libzvbi.so.0.13.1
	libnetsnmp.so.15 -> libnetsnmp.so.15.1.2
	libXxf86dga.so.1 -> libXxf86dga.so.1.0.0
	libfftw3l_threads.so.3 -> libfftw3l_threads.so.3.3.0
	libxerces-depdom.so.28 -> libxerces-depdom.so.28.0
	libfribidi.so.0 -> libfribidi.so.0.3.1
	libxmlrpc_server.so.3 -> libxmlrpc_server.so.3.16
	libproj.so.0 -> libproj.so.0.6.6
	libkorganizerprivate.so.4 -> libkorganizerprivate.so.4.8.0
	libgimpui-2.0.so.0 -> libgimpui-2.0.so.0.600.12
	libresid-builder.so.0 -> libresid-builder.so.0.0.1
	libkde3support.so.4 -> libkde3support.so.4.8.0
	libstreamanalyzer.so.0 -> libstreamanalyzer.so.0.7.7
	libakonadi-kmime.so.4 -> libakonadi-kmime.so.4.8.0
	libofa.so.0 -> libofa.so.0.0.0
	libokularcore.so.1abi1 -> libokularcore.so.1.8.0.abi1
	libdjvulibre.so.21 -> libdjvulibre.so.21.3.0
	libboost_regex.so.1.46.1 -> libboost_regex.so.1.46.1
	libchromeXvMC.so.1 -> libchromeXvMC.so.1.0.0
	libgimpwidgets-2.0.so.0 -> libgimpwidgets-2.0.so.0.600.12
	libktcore.so.12 -> libktcore.so.12.0.2
	libgc.so.1 -> libgc.so.1.0.3
	libkdegames.so.5 -> libkdegames.so.5.1.0
	libpowerdevilui.so.4 -> libpowerdevilui.so.4.8.0
	libzip.so.2 -> libzip.so.2.1.0
	libsopranoclient.so.1 -> libsopranoclient.so.1.2.0
	libdvbpsi.so.7 -> libdvbpsi.so.7.0.0
	libfusion-1.2.so.9 -> libfusion-1.2.so.9.0.1
	libkopeteprivacy.so.1 -> libkopeteprivacy.so.1.0.0
	libHalf.so.6 -> libHalf.so.6.0.0
	libgdal1.7.0.so.1 -> libgdal1.7.0.so.1.14.3
	libkwinglutils.so.1 -> libkwinglutils.so.1.0.0
	liblinebreak.so.2 -> liblinebreak.so.2.0.1
	libopenobex.so.1 -> libopenobex.so.1.5.0
	libmuonprivate.so.1 -> libmuonprivate.so.1.2.95
	libGraphicsMagick.so.3 -> libGraphicsMagick.so.3.6.0
	libmessagecomposer.so.4 -> libmessagecomposer.so.4.8.0
	libGraphicsMagickWand.so.2 -> libGraphicsMagickWand.so.2.2.0
	libkwineffects.so.1abi3 -> libkwineffects.so.1.0.0.abi3
	liblavfile-1.9.so.0 -> liblavfile-1.9.so.0.0.0
	libclucene.so.0 -> libclucene.so.0.0.0
	libplist.so.1 -> libplist.so.1.1.8
	libkcompactdisc.so.4 -> libkcompactdisc.so.4.8.0
	libfftw3f_threads.so.3 -> libfftw3f_threads.so.3.3.0
	libakregatorinterfaces.so.4 -> libakregatorinterfaces.so.4.8.0
	libpq.so.5 -> libpq.so.5.4
	libkwalletbackend.so.4 -> libkwalletbackend.so.4.8.0
	libcddb.so.2 -> libcddb.so.2.2.3
	libimobiledevice.so.2 -> libimobiledevice.so.2.0.1
	libktexteditor_codesnippets_core.so.0 -> libktexteditor_codesnippets_core.so.0.0.1
	libfftw3_threads.so.3 -> libfftw3_threads.so.3.3.0
	libindicate.so.5 -> libindicate.so.5.0.7
	libBLT.2.4.so.8.5 -> libBLT.2.4.so.8.5
	libhpip.so.0 -> libhpip.so.0.0.1
	libiso9660.so.8 -> libiso9660.so.8.0.0
	libkontactprivate.so.4 -> libkontactprivate.so.4.8.0
	libakregatorprivate.so.4 -> libakregatorprivate.so.4.8.0
	libamarokpud.so.1 -> libamarokpud.so.1.0.0
	libnetsnmpmibs.so.15 -> libnetsnmpmibs.so.15.1.2
	libamarokcore.so.1 -> libamarokcore.so.1.0.0
	libxine.so.1 -> libxine.so.1.30.0
	libmessageviewer.so.4 -> libmessageviewer.so.4.8.0
	libkcal_resourceremote.so.4 -> libkcal_resourceremote.so.4.8.0
	libsidplay2.so.1 -> libsidplay2.so.1.0.1
	libakonadi-calendar.so.4 -> libakonadi-calendar.so.4.8.0
	libhdf5hl_fortran.so.6 -> libhdf5hl_fortran.so.6.0.3
	libknmui.so.4 -> libknmui.so.4.8.0
	libXvMC.so.1 -> libXvMC.so.1.0.0
	libdirectfb-1.2.so.9 -> libdirectfb-1.2.so.9.0.1
	libpartitionmanagerprivate.so -> libpartitionmanagerprivate.so
	libzbar.so.0 -> libzbar.so.0.2.0
	libgimpmath-2.0.so.0 -> libgimpmath-2.0.so.0.600.12
	libdca.so.0 -> libdca.so.0.0.0
	libfaad.so.2 -> libfaad.so.2.0.0
	libpython2.7.so.1.0 -> libpython2.7.so.1.0
	libkdecore.so.5 -> libkdecore.so.5.8.0
	libmodplug.so.1 -> libmodplug.so.1.0.0
	libgpgme++.so.2 -> libgpgme++.so.2.8.0
	libakonadi-notes.so.4 -> libakonadi-notes.so.4.8.0
	libisc.so.83 -> libisc.so.83.0.1
	libk3bdevice.so.6 -> libk3bdevice.so.6.0.0
	libkonq.so.5abi1 -> libkonq.so.5.8.0.abi1
	libgccpp.so.1 -> libgccpp.so.1.0.3
	libthreadutil.so.2 -> libthreadutil.so.2.2.3
	libdirac_encoder.so.0 -> libdirac_encoder.so.0.1.0
	libicuuc.so.48 -> libicuuc.so.48.1.1
	libbabl-0.0.so.0 -> libbabl-0.0.so.0.22.0
	libgimpthumb-2.0.so.0 -> libgimpthumb-2.0.so.0.600.12
	libpeas-gtk-1.0.so.0 -> libpeas-gtk-1.0.so.0.200.0
	libgpgme-pthread.so.11 -> libgpgme-pthread.so.11.7.0
	libkickoff.so -> libkickoff.so
	libcap-ng.so.0 -> libcap-ng.so.0.0.0
	libck-connector.so.0 -> libck-connector.so.0.0.0
	libutempter.so.0 -> libutempter.so.1.1.5
	libumfpack.so.5.4.0 -> libumfpack.so.5.4.0
	libkidletime.so.4 -> libkidletime.so.4.8.0
	libqui.so.1 -> libqui.so.1.0.0
	libkipi.so.8 -> libkipi.so.8.0.1
	libthreadweaver.so.4 -> libthreadweaver.so.4.8.0
	libicudata.so.48 -> libicudata.so.48.1.1
	libwps-0.2.so.2 -> libwps-0.2.so.2.0.4
	libnepomuk.so.4 -> libnepomuk.so.4.8.0
	libsigsegv.so.2 -> libsigsegv.so.2.0.2
	libflite_cmu_us_kal16.so.1 -> libflite_cmu_us_kal16.so.1.4
	libpolkit-qt-gui-1.so.1 -> libpolkit-qt-gui-1.so.1.103.0
	libnepomukquery.so.4 -> libnepomukquery.so.4.8.0
	libexiv2.so.11 -> libexiv2.so.11.0.0
	libchromeXvMCPro.so.1 -> libchromeXvMCPro.so.1.0.0
	libcrystalhd.so.3 -> libcrystalhd.so.3.6
	libakonadi-kcal.so.4 -> libakonadi-kcal.so.4.8.0
	libdolphinprivate.so.4 -> libdolphinprivate.so.4.8.0
	libkdgantt2.so.0 -> libkdgantt2.so.0.1.0
	libopencore-amrwb.so.0 -> libopencore-amrwb.so.0.0.2
	liboxygenstyleconfig.so.4 -> liboxygenstyleconfig.so.4.8.0
	libical.so.0 -> libical.so.0.48.0
	libnetcdf_c++.so.5 -> libnetcdf_c++.so.5.0.0
	libgegl-0.0.so.0 -> libgegl-0.0.so.0.22.0
	libruby1.8.so.1.8 -> libruby1.8.so.1.8.7
	libmythes-1.2.so.0 -> libmythes-1.2.so.0.0.0
	libkdesu.so.5 -> libkdesu.so.5.8.0
	libmpich.so.1.0 -> libmpi.so
	libplasma_applet-system-monitor.so.4 -> libplasma_applet-system-monitor.so.4.8.0
	libgksu2.so.0 -> libgksu2.so.0.0.2
	libattica.so.0.3 -> libattica.so.0.3.0
	libschroedinger-1.0.so.0 -> libschroedinger-1.0.so.0.11.0
	libccext2-1.7.so.0 -> libccext2-1.7.so.0.0.3
	libflite_usenglish.so.1 -> libflite_usenglish.so.1.4
	libicui18n.so.48 -> libicui18n.so.48.1.1
	libdvdnavmini.so.4 -> libdvdnavmini.so.4.2.0
	librasqal.so.3 -> librasqal.so.3.0.0
	libkmailprivate.so.4 -> libkmailprivate.so.4.8.0
	libgimpbase-2.0.so.0 -> libgimpbase-2.0.so.0.600.12
	libkabc_file_core.so.4 -> libkabc_file_core.so.4.8.0
	libiculx.so.48 -> libiculx.so.48.1.1
	libkonsoleprivate.so -> libkonsoleprivate.so
	libpyglib-2.0-python2.7.so.0 -> libpyglib-2.0-python2.7.so.0.0.0
	libk3blib.so.6 -> libk3blib.so.6.0.0
	libXfont.so.1 -> libXfont.so.1.4.1
	libktnef.so.4 -> libktnef.so.4.8.0
	libgirepository-1.0.so.1 -> libgirepository-1.0.so.1.0.0
	libakonadi-contact.so.4 -> libakonadi-contact.so.4.8.0
	libgeoclue.so.0 -> libgeoclue.so.0.0.0
	libpmpich++.so.1.0 -> libmpi++.so
	libkpgp.so.4 -> libkpgp.so.4.8.0
	libknmclient.so.4 -> libknmclient.so.4.8.0
	libicalvcal.so.0 -> libicalvcal.so.0.48.0
	libvga.so.1 -> libvga.so.1.4.3
	libmpeg2convert.so.0 -> libmpeg2convert.so.0.0.0
	libflite_cmulex.so.1 -> libflite_cmulex.so.1.4
	libaudiocdplugins.so.4 -> libaudiocdplugins.so.4.8.0
	libsolidcontrolifaces.so.4abi2 -> libsolidcontrolifaces.so.4.8.0.abi2
	libxmlrpc_server_abyss.so.3 -> libxmlrpc_server_abyss.so.3.16
	libsolidcontrolnm09.so.4 -> libsolidcontrolnm09.so.4.8.0
	libplasmacomicprovidercore.so.1 -> libplasmacomicprovidercore.so.1.0.0
	libakonadi-kde.so.4 -> libakonadi-kde.so.4.8.0
	libm17n.so.0 -> libm17n.so.0.4.0
	libgs.so.9 -> libgs.so.9.05
	libgettextsrc-0.18.1.so -> libgettextsrc.so
	libkwinnvidiahack.so.4 -> libkwinnvidiahack.so.4.8.0
	libgrip.so.0 -> libgrip.so.0.305.0
	libxapian.so.22 -> libxapian.so.22.4.2
	libmtp.so.9 -> libmtp.so.9.0.3
	libplasmaweather.so.4 -> libplasmaweather.so.4.8.0
	libnepomuksync.so.4 -> libnepomuksync.so.4.8.0
	libotf.so.0 -> libotf.so.0.0.0
	libImath.so.6 -> libImath.so.6.0.0
	libkaddressbookprivate.so.4 -> libkaddressbookprivate.so.4.8.0
	libm17n-flt.so.0 -> libm17n-flt.so.0.4.0
	libepsilon.so.0 -> libepsilon.so.0.0.0
	libkpathsea.so.5 -> libkpathsea.so.5.0.0
	libamaroklib.so.1 -> libamaroklib.so.1.0.0
	libmpeg2.so.0 -> libmpeg2.so.0.0.0
	libhyphen.so.0 -> libhyphen.so.0.2.1
	libept.so.1.0.5.4.12 -> libept.so.1.0.5.4.12
	libwebkitgtk-1.0.so.0 -> libwebkitgtk-1.0.so.0.13.4
	libtaskmanager.so.4abi3 -> libtaskmanager.so.4.8.0.abi3
	libkorganizer_interfaces.so.4 -> libkorganizer_interfaces.so.4.8.0
	libnetcdf.so.6 -> libnetcdf.so.6.0.0
	libIlmImf.so.6 -> libIlmImf.so.6.0.0
	libkpimutils.so.4 -> libkpimutils.so.4.8.0
	libuniquewm-1.2.so.9 -> libuniquewm-1.2.so.9.0.1
	libnm-glib.so.4 -> libnm-glib.so.4.3.0
	libhdf5_hl.so.6 -> libhdf5_hl.so.6.0.3
	libkdepim-runtime-dms-copy.so -> libkdepim-runtime-dms-copy.so
	libkunitconversion.so.4 -> libkunitconversion.so.4.8.0
	libkmime.so.4 -> libkmime.so.4.8.0
	libknotifyconfig.so.4 -> libknotifyconfig.so.4.8.0
	libkblog.so.4 -> libkblog.so.4.8.0
	libicutest.so.48 -> libicutest.so.48.1.1
	libspandsp.so.2 -> libspandsp.so.2.0.0
	libeventviews.so.4 -> libeventviews.so.4.8.0
	libpyglib-gi-2.0-python2.7.so.0 -> libpyglib-gi-2.0-python2.7.so.0.0.0
	liblastfm.so.0 -> liblastfm.so.0.3.3
	libindicate-qt.so.1 -> libindicate-qt.so.1.4.1
	libsopranoserver.so.1 -> libsopranoserver.so.1.2.0
	libicuio.so.48 -> libicuio.so.48.1.1
	libfftw3.so.3 -> libfftw3.so.3.3.0
	libmjpegutils-1.9.so.0 -> libmjpegutils-1.9.so.0.0.0
	libslp.so.1 -> libslp.so.1.0.1
	libkleo.so.4 -> libkleo.so.4.8.0
	libmessagecore.so.4 -> libmessagecore.so.4.8.0
	libxmlrpc.so.3 -> libxmlrpc.so.3.16
	libxmlrpc_util.so.3 -> libxmlrpc_util.so.3.16
	liboscar.so.1 -> liboscar.so.1.0.0
	libnetfilter_conntrack.so.3 -> libnetfilter_conntrack.so.3.1.3
	libisccfg.so.82 -> libisccfg.so.82.0.0
	libjbig2dec.so.0 -> libjbig2dec.so.0.0.0
	libkjs.so.4 -> libkjs.so.4.8.0
	libexttextcat.so.0 -> libexttextcat.so.0.0.0
	libqt-mt.so.3 -> libqt-mt.so.3.3.8
	libkopetestatusmenu.so.1 -> libkopetestatusmenu.so.1.0.0
	libasprintf.so.0 -> libasprintf.so.0.0.0
	libm17n-core.so.0 -> libm17n-core.so.0.4.0
	libsolidcontrolnm09ifaces.so.4 -> libsolidcontrolnm09ifaces.so.4.8.0
	libamarok-transcoding.so.1 -> libamarok-transcoding.so.1.0.0
	libneon-gnutls.so.27 -> libneon-gnutls.so.27.2.6
	libzvbi-chains.so.0 -> libzvbi-chains.so.0.0.0
	libkactivities.so.6 -> libkactivities.so.6.0.0
	libsystemsettingsview.so.2 -> libsystemsettingsview.so.2
	libccrtp1-1.8.so.0 -> libccrtp1-1.8.so.0.0.0
	libwpg-0.2.so.2 -> libwpg-0.2.so.2.0.1
	libsnmp.so.15 -> libsnmp.so.15.1.2
	libsgutils2.so.2 -> libsgutils2.so.2.0.0
	libisccc.so.80 -> libisccc.so.80.0.0
	libnetsnmphelpers.so.15 -> libnetsnmphelpers.so.15.1.2
	libknm_nm.so -> libknm_nm.so
	libksieve.so.4 -> libksieve.so.4.8.0
	libkopete_otr_shared.so.1 -> libkopete_otr_shared.so.1.0.0
	libptexenc.so.1 -> libptexenc.so.1.3.0
	libkmanagesieve.so.4 -> libkmanagesieve.so.4.8.0
	libgme.so.0 -> libgme.so.0.5.3
	libkdewebkit.so.5 -> libkdewebkit.so.5.8.0
	libkunittest.so.4 -> libkunittest.so.4.8.0
	libkdecorations.so.4 -> libkdecorations.so.4.8.0
	libkresources.so.4 -> libkresources.so.4.8.0
	libkdnssd.so.4 -> libkdnssd.so.4.8.0
	libcdio.so.13 -> libcdio.so.13.0.0
	libdaemon.so.0 -> libdaemon.so.0.5.0
	libgeos-3.2.2.so -> libgeos.so
	libFS.so.6 -> libFS.so.6.0.0
	libkjsembed.so.4 -> libkjsembed.so.4.8.0
	libbfd-2.22-system.so -> libbfd-2.22-system.so
	libkdepim.so.4 -> libkdepim.so.4.8.0
	libkfontinst.so.4 -> libkfontinst.so.4.8.0
	libgpgme++-pth.so.2 -> libgpgme++-pth.so.2.8.0
	libprocesscore.so.4abi1 -> libprocesscore.so.4.8.0.abi1
	libkparts.so.4 -> libkparts.so.4.8.0
	libsyndication.so.4 -> libsyndication.so.4.8.0
	libdns.so.81 -> libdns.so.81.3.1
	libhdf5_fortran.so.6 -> libhdf5_fortran.so.6.0.3
	libibus-qt.so.1 -> libibus-qt.so.1.3.0
	libmatroska.so.5 -> libmatroska.so.5
	libgeos_c.so.1 -> libgeos_c.so.1.6.2
	libQtGLib-2.0.so.0 -> libQtGLib-2.0.so.0.10.1
	libqca.so.2 -> libqca.so.2.0.3
	libm17n-gui.so.0 -> libm17n-gui.so.0.4.0
	libknewstuff3.so.4 -> libknewstuff3.so.4.8.0
	libpaper.so.1 -> libpaper.so.1.1.2
	libntrack-qt4.so.1 -> libntrack-qt4.so.1.0.1
	libmailtransport.so.4 -> libmailtransport.so.4.8.0
	libgraph.so.4 -> libgraph.so.4.0.0
	librpmio.so.2 -> librpmio.so.2.0.1
	libkopete.so.4 -> libkopete.so.4.8.0
	libkscreensaver.so.5 -> libkscreensaver.so.5.0.0
	libnetpbm.so.10 -> libnetpbm.so.10.0
	libjavascriptcoregtk-3.0.so.0 -> libjavascriptcoregtk-3.0.so.0.13.4
	libkcmutils.so.4 -> libkcmutils.so.4.8.0
	libdvdnav.so.4 -> libdvdnav.so.4.2.0
	libxmlrpc_xmltok.so.3 -> libxmlrpc_xmltok.so.3.16
	libvpx.so.1 -> libvpx.so.1.0.0
	libzlcore.so.0.13 -> libzlcore.so.0.12.10
	libakonadiprotocolinternals.so.1 -> libakonadiprotocolinternals.so.1.7.2
	libgck-1.so.0 -> libgck-1.so.0.0.0
	libincidenceeditorsng.so.4 -> libincidenceeditorsng.so.4.8.0
	libixml.so.2 -> libixml.so.2.0.4
	libspectre.so.1 -> libspectre.so.1.1.6
	libpowerdevilcore.so.0 -> libpowerdevilcore.so.0.1.0
	libfontenc.so.1 -> libfontenc.so.1.0.0
	librpmsign.so.0 -> librpmsign.so.0.0.1
	libkpathsea.so.6 -> libkpathsea.so.6.1.0
	libbind9.so.80 -> libbind9.so.80.0.3
	librpmbuild.so.2 -> librpmbuild.so.2.0.1
	libquicktime.so.2 -> libquicktime.so.2.0.0
	libcln.so.6 -> libcln.so.6.0.2
	libkldap.so.4 -> libkldap.so.4.8.0
	libdfalt.so.0 -> libdfalt.so.0.0.0
	libakonadi-filestore.so.4 -> libakonadi-filestore.so.4.8.0
	libenchant.so.1 -> libenchant.so.1.6.0
	libnepomukutils.so.4 -> libnepomukutils.so.4.8.0
	libmhash.so.2 -> libmhash.so.2.0.1
	libzltext.so.0.13 -> libzltext.so.0.12.10
	libslv2.so.9 -> libslv2.so.9.2.0
	libmailcommon.so.4 -> libmailcommon.so.4.8.0
	libloudmouth-1.so.0 -> libloudmouth-1.so.0.1.0
	libSDL_sound-1.0.so.1 -> libSDL_sound-1.0.so.1.0.2
	libspatialite.so.3 -> libspatialite.so.3.0.0
	liblavjpeg-1.9.so.0 -> liblavjpeg-1.9.so.0.0.0
	libzrtpcpp-1.4.so.0 -> libzrtpcpp-1.4.so.0.0.6
	libmagic.so.1 -> libmagic.so.1.0.0
	libIlmThread.so.6 -> libIlmThread.so.6.0.0
	libgpgme-pth.so.11 -> libgpgme-pth.so.11.7.0
	libgadu.so.3 -> libgadu.so.3.13.0
	libkontactinterface.so.4 -> libkontactinterface.so.4.8.0
	libntrack.so.0 -> libntrack.so.0.3.3
	libchm.so.1 -> libchm.so.1.0.0
	libkcardgame.so -> libkcardgame.so
	libpowerdevilconfigcommonprivate.so.4 -> libpowerdevilconfigcommonprivate.so.4.8.0
	libkyahoo.so.1 -> libkyahoo.so.1.0.0
	libmfhdfalt.so.0 -> libmfhdfalt.so.0.0.0
	libkcal_resourceblog.so.4 -> libkcal_resourceblog.so.4.8.0
	libgcr-3.so.1 -> libgcr-3.so.1.0.0
	libamarokocsclient.so.4 -> libamarokocsclient.so.4.8.0
	libgimpcolor-2.0.so.0 -> libgimpcolor-2.0.so.0.600.12
	libwebkitgtk-3.0.so.0 -> libwebkitgtk-3.0.so.0.13.4
	libgvc.so.5 -> libgvc.so.5.0.0
	libflite_cmu_us_kal.so.1 -> libflite_cmu_us_kal.so.1.4
	libkorganizer_core.so.4 -> libkorganizer_core.so.4.8.0
	libcdt.so.4 -> libcdt.so.4.0.0
	libopcodes-2.22-system.so -> libopcodes-2.22-system.so
	libkpimidentities.so.4 -> libkpimidentities.so.4.8.0
	libgwenviewlib.so.4 -> libgwenviewlib.so.4.8.0
	libpspell.so.15 -> libpspell.so.15.2.0
	libkerfuffle.so.4 -> libkerfuffle.so.4.8.0
	libicule.so.48 -> libicule.so.48.1.1
	libflite.so.1 -> libflite.so.1.4
	libmpcdec.so.6 -> libmpcdec.so.6.1.0
	libamd.so.2.2.0 -> libamd.so.2.2.0
	libkjsapi.so.4 -> libkjsapi.so.4.8.0
	libgpgme++-pthread.so.2 -> libgpgme++-pthread.so.2.8.0
	libnfnetlink.so.0 -> libnfnetlink.so.0.2.0
	libdlrestrictions.so.1 -> libdlrestrictions.so.1.0.0
	libkcalutils.so.4 -> libkcalutils.so.4.8.0
	libaccountsservice.so.0 -> libaccountsservice.so.0.0.0
	liblirc_client.so.0 -> liblirc_client.so.0.2.1
	libGeoIP.so.1 -> libGeoIP.so.1.4.8
	libQtGStreamer-0.10.so.0 -> libQtGStreamer-0.10.so.0.10.1
	libamarok-sqlcollection.so.1 -> libamarok-sqlcollection.so.1.0.0
	libgpgme.so.11 -> libgpgme.so.11.7.0
	libsolidcontrolfuture.so -> libsolidcontrolfuture.so
	libkimap.so.4 -> libkimap.so.4.8.0
	libgimpconfig-2.0.so.0 -> libgimpconfig-2.0.so.0.600.12
	libIex.so.6 -> libIex.so.6.0.0
	libkabc.so.4 -> libkabc.so.4.8.0
	libkhtml.so.5 -> libkhtml.so.5.8.0
	libkworkspace.so.4abi1 -> libkworkspace.so.4.8.0.abi1
	libkopeteidentity.so.1 -> libkopeteidentity.so.1.0.0
	libmtdev.so.1 -> libmtdev.so.1.0.0
	libmicroblog.so.4 -> libmicroblog.so.4.8.0
	libfftw3f.so.3 -> libfftw3f.so.3.3.0
	libccgnu2-1.7.so.0 -> libccgnu2-1.7.so.0.0.3
	libkdeclarative.so.5 -> libkdeclarative.so.5.8.0
	libdirect-1.2.so.9 -> libdirect-1.2.so.9.0.1
	libmusicbrainz3.so.6 -> libmusicbrainz3.so.6.2.0
	librdf.so.0 -> librdf.so.0.0.0
	libcdaudio.so.1 -> libcdaudio.so.1.0.0
	libkdefakes.so.5 -> libkdefakes.so.5.8.0
	libusbmuxd.so.1 -> libusbmuxd.so.1.0.7
	libxmlrpc_client.so.3 -> libxmlrpc_client.so.3.16
	libksignalplotter.so.4 -> libksignalplotter.so.4.8.0
	libnl-route-3.so.200 -> libnl-route-3.so.200.3.0
	libcf.so.0 -> libcf.so.0.0.0
	libkmindexreader.so.4 -> libkmindexreader.so.4.8.0
	libtag-extras.so.1 -> libtag-extras.so.1.0.0
	libwpd-0.9.so.9 -> libwpd-0.9.so.9.0.4
	libgimp-2.0.so.0 -> libgimp-2.0.so.0.600.12
	librtm.so.4 -> librtm.so.4.8.0
	libMrm.so.2 -> libMrm.so.2.0.1
	libnm-util.so.2 -> libnm-util.so.2.3.0
	libqgpgme.so.1 -> libqgpgme.so.1.0.1
	liblqr-1.so.0 -> liblqr-1.so.0.3.1
	libknmservice.so.4 -> libknmservice.so.4.8.0
	libgsm.so.1 -> libgsm.so.1.0.12
	libmimic.so.0 -> libmimic.so.0.0.1
	libbluedevil.so.1 -> libbluedevil.so.1.9
	libcmis-0.2.so.0 -> libcmis-0.2.so.0.0.0
	libtemplateparser.so.4 -> libtemplateparser.so.4.8.0
	libicalss.so.0 -> libicalss.so.0.48.0
	libksieveui.so.4 -> libksieveui.so.4.8.0
	libkfile.so.4 -> libkfile.so.4.8.0
	libsidplay.so.1 -> libsidplay.so.1.0.3
	libxerces-c.so.28 -> libxerces-c.so.28.0
	libxcb-keysyms.so.1 -> libxcb-keysyms.so.1.0.0
	libgettextlib-0.18.1.so -> libgettextlib.so
	libkcalcore.so.4 -> libkcalcore.so.4.8.0
	libepub.so.0 -> libepub.so.0.2.1
	libkate.so.1 -> libkate.so.1.3.0
	libknewstuff2.so.4 -> libknewstuff2.so.4.8.0
	libktexteditor.so.4 -> libktexteditor.so.4.8.0
	libkephal.so.4abi1 -> libkephal.so.4.8.0.abi1
	libkbookmarkmodel_private.so.4 -> libkbookmarkmodel_private.so.4.8.0
	libplasmapotdprovidercore.so.1 -> libplasmapotdprovidercore.so.1.0.0
	libXvMCW.so.1 -> libXvMCW.so.1.0.0
	libgnome-desktop-3.so.2 -> libgnome-desktop-3.so.2.1.4
	libakonadi_next.so.4 -> libakonadi_next.so.4.8.0
	libkdeui.so.5 -> libkdeui.so.5.8.0
	libopencore-amrnb.so.0 -> libopencore-amrnb.so.0.0.2
	libkrosscore.so.4 -> libkrosscore.so.4.8.0
	libkopetecontactlist.so.1 -> libkopetecontactlist.so.1.0.0
	libprocessui.so.4 -> libprocessui.so.4.8.0
	libvpf.so.3.2 -> libvpf.so.3.2
	libpeas-1.0.so.0 -> libpeas-1.0.so.0.200.0
/usr/lib/i386-linux-gnu/sse2: (hwcap: 0x0000000004000000)
	libspeex.so.1 -> libspeex.so.1.5.0
	libspeexdsp.so.1 -> libspeexdsp.so.1.5.0
